{
  "stats": {
    "suites": 2,
    "tests": 1,
    "passes": 1,
    "pending": 0,
    "failures": 0,
    "start": "2022-04-26T15:08:03.206Z",
    "end": "2022-04-26T15:08:24.929Z",
    "duration": 21723,
    "testsRegistered": 1,
    "passPercent": 100,
    "pendingPercent": 0,
    "other": 0,
    "hasOther": false,
    "skipped": 0,
    "hasSkipped": false
  },
  "results": [
    {
      "uuid": "e326c443-e658-4a89-8d8d-4b6c32ad851d",
      "title": "",
      "fullFile": "cypress/integration/testcases/getCall.spec.js",
      "file": "cypress/integration/testcases/getCall.spec.js",
      "beforeHooks": [],
      "afterHooks": [],
      "tests": [],
      "suites": [
        {
          "uuid": "dcbcb3ed-1845-4b65-9fc9-c53270f88413",
          "title": "Cypress Api using Then method",
          "fullFile": "",
          "file": "",
          "beforeHooks": [],
          "afterHooks": [],
          "tests": [],
          "suites": [
            {
              "uuid": "e18a7a76-5806-46ec-8479-ab759e120f98",
              "title": "Stub the request using Cypress intercept",
              "fullFile": "",
              "file": "",
              "beforeHooks": [],
              "afterHooks": [],
              "tests": [
                {
                  "title": "Validate get request1",
                  "fullTitle": "Cypress Api using Then method Stub the request using Cypress intercept Validate get request1",
                  "timedOut": null,
                  "duration": 17499,
                  "state": "passed",
                  "speed": "slow",
                  "pass": true,
                  "fail": false,
                  "pending": false,
                  "context": null,
                  "code": "cy.intercept('POST', 'https://api.nightly.futurefuel.io/api/1/auth/login', req => {\n  req.body = {\n    email: 'abc@gmail.com',\n    password: 'FuelF@rFuture123'\n  };\n  req.headers['Content-Type'] = 'application/json';\n}).as('login');\ncy.visit('/');\ncy.get('[name=\"email\"]').clear().type('abc@gmail.com');\ncy.get('[name=\"password\"]').clear().type('FuelF@rFuture123');\ncy.get('[data-testid=\"next-btn-login\"] > .MuiButton-label').click(); //cy.wait('@login')\ncy.wait('@login').then(interception => {\n  cy.log(interception.id);\n  cy.log(interception.state);\n  cy.log('status code is: ' + interception.response.statusCode);\n  cy.log('response body is: ' + interception.response.body);\n  expect(interception.response.statusCode).to.eq(200);\n});",
                  "err": {},
                  "uuid": "4795cf05-0678-47e2-a7b6-b885ff8fe425",
                  "parentUUID": "e18a7a76-5806-46ec-8479-ab759e120f98",
                  "isHook": false,
                  "skipped": false
                }
              ],
              "suites": [],
              "passes": [
                "4795cf05-0678-47e2-a7b6-b885ff8fe425"
              ],
              "failures": [],
              "pending": [],
              "skipped": [],
              "duration": 17499,
              "root": false,
              "rootEmpty": false,
              "_timeout": 2000
            }
          ],
          "passes": [],
          "failures": [],
          "pending": [],
          "skipped": [],
          "duration": 0,
          "root": false,
          "rootEmpty": false,
          "_timeout": 2000
        }
      ],
      "passes": [],
      "failures": [],
      "pending": [],
      "skipped": [],
      "duration": 0,
      "root": true,
      "rootEmpty": true,
      "_timeout": 2000
    }
  ],
  "meta": {
    "mocha": {
      "version": "7.0.1"
    },
    "mochawesome": {
      "options": {
        "quiet": false,
        "reportFilename": "mochawesome",
        "saveHtml": false,
        "saveJson": true,
        "consoleReporter": "spec",
        "useInlineDiffs": false,
        "code": true
      },
      "version": "7.0.1"
    },
    "marge": {
      "options": {
        "reportDir": "cypress/reports",
        "overwrite": false,
        "html": false,
        "json": true,
        "charts": "true"
      },
      "version": "6.0.1"
    }
  }
}