{
  "stats": {
    "suites": 1,
    "tests": 3,
    "passes": 3,
    "pending": 0,
    "failures": 0,
    "start": "2022-01-20T08:19:20.753Z",
    "end": "2022-01-20T08:19:43.423Z",
    "duration": 22670,
    "testsRegistered": 3,
    "passPercent": 100,
    "pendingPercent": 0,
    "other": 0,
    "hasOther": false,
    "skipped": 0,
    "hasSkipped": false
  },
  "results": [
    {
      "uuid": "14f5e6a0-e84d-4f28-b29d-dcb4042a137d",
      "title": "",
      "fullFile": "cypress/integration/testcases/testcase_01.spec.js",
      "file": "cypress/integration/testcases/testcase_01.spec.js",
      "beforeHooks": [],
      "afterHooks": [],
      "tests": [],
      "suites": [
        {
          "uuid": "f16029ea-ff72-454f-b587-eeb5a8fcb349",
          "title": "Check the Page Navigation",
          "fullFile": "",
          "file": "",
          "beforeHooks": [],
          "afterHooks": [],
          "tests": [
            {
              "title": "Verify Page title",
              "fullTitle": "Check the Page Navigation Verify Page title",
              "timedOut": null,
              "duration": 13780,
              "state": "passed",
              "speed": "slow",
              "pass": true,
              "fail": false,
              "pending": false,
              "context": null,
              "code": "hp.getPageTitle().should('contains', 'QA');",
              "err": {},
              "uuid": "f10fa76c-b88d-4072-a58d-2e98c938a6e0",
              "parentUUID": "f16029ea-ff72-454f-b587-eeb5a8fcb349",
              "isHook": false,
              "skipped": false
            },
            {
              "title": "visits to  the \"ABOUT\" page",
              "fullTitle": "Check the Page Navigation visits to  the \"ABOUT\" page",
              "timedOut": null,
              "duration": 8678,
              "state": "passed",
              "speed": "medium",
              "pass": true,
              "fail": false,
              "pending": false,
              "context": null,
              "code": "hp.navigateToAboutPage();",
              "err": {},
              "uuid": "c1a2217d-cb11-4f32-ba63-fd7cf0b45903",
              "parentUUID": "f16029ea-ff72-454f-b587-eeb5a8fcb349",
              "isHook": false,
              "skipped": false
            },
            {
              "title": "checks if \"About QA InfoTech\" is present on that page",
              "fullTitle": "Check the Page Navigation checks if \"About QA InfoTech\" is present on that page",
              "timedOut": null,
              "duration": 128,
              "state": "passed",
              "speed": "fast",
              "pass": true,
              "fail": false,
              "pending": false,
              "context": null,
              "code": "hp.checkContent().contains('About QA InfoTech');",
              "err": {},
              "uuid": "278e654f-57da-489e-966d-6a13d84a1791",
              "parentUUID": "f16029ea-ff72-454f-b587-eeb5a8fcb349",
              "isHook": false,
              "skipped": false
            }
          ],
          "suites": [],
          "passes": [
            "f10fa76c-b88d-4072-a58d-2e98c938a6e0",
            "c1a2217d-cb11-4f32-ba63-fd7cf0b45903",
            "278e654f-57da-489e-966d-6a13d84a1791"
          ],
          "failures": [],
          "pending": [],
          "skipped": [],
          "duration": 22586,
          "root": false,
          "rootEmpty": false,
          "_timeout": 2000
        }
      ],
      "passes": [],
      "failures": [],
      "pending": [],
      "skipped": [],
      "duration": 0,
      "root": true,
      "rootEmpty": true,
      "_timeout": 2000
    }
  ],
  "meta": {
    "mocha": {
      "version": "7.0.1"
    },
    "mochawesome": {
      "options": {
        "quiet": false,
        "reportFilename": "mochawesome",
        "saveHtml": false,
        "saveJson": true,
        "consoleReporter": "spec",
        "useInlineDiffs": false,
        "code": true
      },
      "version": "7.0.1"
    },
    "marge": {
      "options": {
        "reportDir": "cypress/reports",
        "overwrite": false,
        "html": false,
        "json": true,
        "charts": "true"
      },
      "version": "6.0.1"
    }
  }
}