{
  "stats": {
    "suites": 0,
    "tests": 1,
    "passes": 1,
    "pending": 0,
    "failures": 0,
    "start": "2022-01-05T10:11:07.502Z",
    "end": "2022-01-05T10:11:12.441Z",
    "duration": 4939,
    "testsRegistered": 1,
    "passPercent": 100,
    "pendingPercent": 0,
    "other": 0,
    "hasOther": false,
    "skipped": 0,
    "hasSkipped": false
  },
  "results": [
    {
      "uuid": "98cf69b2-897f-434d-8cad-7e65860aff55",
      "title": "",
      "fullFile": "cypress/integration/testcases/testAA.spec.js",
      "file": "cypress/integration/testcases/testAA.spec.js",
      "beforeHooks": [],
      "afterHooks": [],
      "tests": [
        {
          "title": "Login with app actions",
          "fullTitle": "Login with app actions",
          "timedOut": null,
          "duration": 4893,
          "state": "passed",
          "speed": "fast",
          "pass": true,
          "fail": false,
          "pending": false,
          "context": null,
          "code": "cy.visit('/');\n/*  cy\n .window().then(({app}) =>{\n     console.log(app)\n   }) */",
          "err": {},
          "uuid": "44c6d82b-194d-429f-a9a6-8462ab010cff",
          "parentUUID": "98cf69b2-897f-434d-8cad-7e65860aff55",
          "isHook": false,
          "skipped": false
        }
      ],
      "suites": [],
      "passes": [
        "44c6d82b-194d-429f-a9a6-8462ab010cff"
      ],
      "failures": [],
      "pending": [],
      "skipped": [],
      "duration": 4893,
      "root": true,
      "rootEmpty": false,
      "_timeout": 2000
    }
  ],
  "meta": {
    "mocha": {
      "version": "7.0.1"
    },
    "mochawesome": {
      "options": {
        "quiet": false,
        "reportFilename": "mochawesome",
        "saveHtml": true,
        "saveJson": true,
        "consoleReporter": "spec",
        "useInlineDiffs": false,
        "code": true
      },
      "version": "7.0.1"
    },
    "marge": {
      "options": {
        "reportDir": "cypress/reports",
        "reportFileName": "testResult",
        "overwrite": "false",
        "html": "true",
        "json": "true",
        "charts": "true"
      },
      "version": "6.0.1"
    }
  }
}