{
  "stats": {
    "suites": 1,
    "tests": 9,
    "passes": 9,
    "pending": 0,
    "failures": 0,
    "start": "2022-01-17T08:49:33.902Z",
    "end": "2022-01-17T08:50:17.016Z",
    "duration": 43114,
    "testsRegistered": 9,
    "passPercent": 100,
    "pendingPercent": 0,
    "other": 0,
    "hasOther": false,
    "skipped": 0,
    "hasSkipped": false
  },
  "results": [
    {
      "uuid": "5c133f46-cfc8-4b00-a034-b4de9a89acf8",
      "title": "",
      "fullFile": "cypress/integration/testcases/testcase_01.spec.js",
      "file": "cypress/integration/testcases/testcase_01.spec.js",
      "beforeHooks": [],
      "afterHooks": [],
      "tests": [],
      "suites": [
        {
          "uuid": "c7ecb94b-dbe7-4cdd-b9d8-deff0e87aef5",
          "title": "Check the Page Navigation",
          "fullFile": "",
          "file": "",
          "beforeHooks": [],
          "afterHooks": [],
          "tests": [
            {
              "title": "Verify Page title",
              "fullTitle": "Check the Page Navigation Verify Page title",
              "timedOut": null,
              "duration": 16083,
              "state": "passed",
              "speed": "slow",
              "pass": true,
              "fail": false,
              "pending": false,
              "context": null,
              "code": "hp.getPageTitle().should('contains', 'QA');",
              "err": {},
              "uuid": "84ea9972-b86d-4d82-8762-acbee488c5c6",
              "parentUUID": "c7ecb94b-dbe7-4cdd-b9d8-deff0e87aef5",
              "isHook": false,
              "skipped": false
            },
            {
              "title": "visits to  the \"ABOUT\" page",
              "fullTitle": "Check the Page Navigation visits to  the \"ABOUT\" page",
              "timedOut": null,
              "duration": 13388,
              "state": "passed",
              "speed": "slow",
              "pass": true,
              "fail": false,
              "pending": false,
              "context": null,
              "code": "hp.navigateToAboutPage();",
              "err": {},
              "uuid": "9b2c53ed-2547-4471-9e5f-9b7a95f00d98",
              "parentUUID": "c7ecb94b-dbe7-4cdd-b9d8-deff0e87aef5",
              "isHook": false,
              "skipped": false
            },
            {
              "title": "checks if \"About QA InfoTech\" is present on that page",
              "fullTitle": "Check the Page Navigation checks if \"About QA InfoTech\" is present on that page",
              "timedOut": null,
              "duration": 97,
              "state": "passed",
              "speed": "fast",
              "pass": true,
              "fail": false,
              "pending": false,
              "context": null,
              "code": "hp.checkContent().contains('About QA InfoTech');",
              "err": {},
              "uuid": "ad6dd0b8-c430-4d61-b992-c724982ec833",
              "parentUUID": "c7ecb94b-dbe7-4cdd-b9d8-deff0e87aef5",
              "isHook": false,
              "skipped": false
            },
            {
              "title": "visits to \"SERVICES\" page",
              "fullTitle": "Check the Page Navigation visits to \"SERVICES\" page",
              "timedOut": null,
              "duration": 7255,
              "state": "passed",
              "speed": "medium",
              "pass": true,
              "fail": false,
              "pending": false,
              "context": null,
              "code": "hp.navigatetoServicesPage();",
              "err": {},
              "uuid": "e7215331-9245-46b7-b86b-28c269ddf5e0",
              "parentUUID": "c7ecb94b-dbe7-4cdd-b9d8-deff0e87aef5",
              "isHook": false,
              "skipped": false
            },
            {
              "title": "checks if \"Functional Testing Services Overview\" is present on that page",
              "fullTitle": "Check the Page Navigation checks if \"Functional Testing Services Overview\" is present on that page",
              "timedOut": null,
              "duration": 198,
              "state": "passed",
              "speed": "fast",
              "pass": true,
              "fail": false,
              "pending": false,
              "context": null,
              "code": "hp.verifyTheContent().contains('Functional Testing Services Overview');",
              "err": {},
              "uuid": "6960b5db-151a-47b9-bc03-b5091c325d25",
              "parentUUID": "c7ecb94b-dbe7-4cdd-b9d8-deff0e87aef5",
              "isHook": false,
              "skipped": false
            },
            {
              "title": "visits to \"SERVICES\" page",
              "fullTitle": "Check the Page Navigation visits to \"SERVICES\" page",
              "timedOut": null,
              "duration": 5315,
              "state": "passed",
              "speed": "medium",
              "pass": true,
              "fail": false,
              "pending": false,
              "context": null,
              "code": "hp.navigateToQuotePage();",
              "err": {},
              "uuid": "003b982a-f25d-407f-a66d-1af97e7cd3a0",
              "parentUUID": "c7ecb94b-dbe7-4cdd-b9d8-deff0e87aef5",
              "isHook": false,
              "skipped": false
            },
            {
              "title": "Gets the input field and inputs text",
              "fullTitle": "Check the Page Navigation Gets the input field and inputs text",
              "timedOut": null,
              "duration": 483,
              "state": "passed",
              "speed": "fast",
              "pass": true,
              "fail": false,
              "pending": false,
              "context": null,
              "code": "hp.entersTheName(data.firstName, data.lastName);",
              "err": {},
              "uuid": "ccfe6ec5-422f-498e-bf16-a341836ad70e",
              "parentUUID": "c7ecb94b-dbe7-4cdd-b9d8-deff0e87aef5",
              "isHook": false,
              "skipped": false
            },
            {
              "title": "Select the location from drop down list",
              "fullTitle": "Check the Page Navigation Select the location from drop down list",
              "timedOut": null,
              "duration": 196,
              "state": "passed",
              "speed": "fast",
              "pass": true,
              "fail": false,
              "pending": false,
              "context": null,
              "code": "hp.selectFromDropDownList(data.location);",
              "err": {},
              "uuid": "65119674-d3c0-4727-8c74-6ca69155607a",
              "parentUUID": "c7ecb94b-dbe7-4cdd-b9d8-deff0e87aef5",
              "isHook": false,
              "skipped": false
            },
            {
              "title": "checks if \"Request For Quote\" is present on that page",
              "fullTitle": "Check the Page Navigation checks if \"Request For Quote\" is present on that page",
              "timedOut": null,
              "duration": 15,
              "state": "passed",
              "speed": "fast",
              "pass": true,
              "fail": false,
              "pending": false,
              "context": null,
              "code": "hp.checkThecontent().contains('Request For Quote');",
              "err": {},
              "uuid": "9b73570e-4a2e-4e36-9b9a-a06bd63cc914",
              "parentUUID": "c7ecb94b-dbe7-4cdd-b9d8-deff0e87aef5",
              "isHook": false,
              "skipped": false
            }
          ],
          "suites": [],
          "passes": [
            "84ea9972-b86d-4d82-8762-acbee488c5c6",
            "9b2c53ed-2547-4471-9e5f-9b7a95f00d98",
            "ad6dd0b8-c430-4d61-b992-c724982ec833",
            "e7215331-9245-46b7-b86b-28c269ddf5e0",
            "6960b5db-151a-47b9-bc03-b5091c325d25",
            "003b982a-f25d-407f-a66d-1af97e7cd3a0",
            "ccfe6ec5-422f-498e-bf16-a341836ad70e",
            "65119674-d3c0-4727-8c74-6ca69155607a",
            "9b73570e-4a2e-4e36-9b9a-a06bd63cc914"
          ],
          "failures": [],
          "pending": [],
          "skipped": [],
          "duration": 43030,
          "root": false,
          "rootEmpty": false,
          "_timeout": 2000
        }
      ],
      "passes": [],
      "failures": [],
      "pending": [],
      "skipped": [],
      "duration": 0,
      "root": true,
      "rootEmpty": true,
      "_timeout": 2000
    }
  ],
  "meta": {
    "mocha": {
      "version": "7.0.1"
    },
    "mochawesome": {
      "options": {
        "quiet": false,
        "reportFilename": "mochawesome",
        "saveHtml": false,
        "saveJson": true,
        "consoleReporter": "spec",
        "useInlineDiffs": false,
        "code": true
      },
      "version": "7.0.1"
    },
    "marge": {
      "options": {
        "reportDir": "cypress/reports",
        "overwrite": false,
        "html": false,
        "json": true,
        "charts": "true"
      },
      "version": "6.0.1"
    }
  }
}