{
  "stats": {
    "suites": 1,
    "tests": 9,
    "passes": 9,
    "pending": 0,
    "failures": 0,
    "start": "2022-01-17T10:24:26.345Z",
    "end": "2022-01-17T10:25:01.039Z",
    "duration": 34694,
    "testsRegistered": 9,
    "passPercent": 100,
    "pendingPercent": 0,
    "other": 0,
    "hasOther": false,
    "skipped": 0,
    "hasSkipped": false
  },
  "results": [
    {
      "uuid": "30f92585-3fce-4964-901a-89ed1374d7e1",
      "title": "",
      "fullFile": "cypress/integration/testcases/testcase_01.spec.js",
      "file": "cypress/integration/testcases/testcase_01.spec.js",
      "beforeHooks": [],
      "afterHooks": [],
      "tests": [],
      "suites": [
        {
          "uuid": "60fd6ea7-50bd-4bfe-ac2d-639ad6eb9f14",
          "title": "Check the Page Navigation",
          "fullFile": "",
          "file": "",
          "beforeHooks": [],
          "afterHooks": [],
          "tests": [
            {
              "title": "Verify Page title",
              "fullTitle": "Check the Page Navigation Verify Page title",
              "timedOut": null,
              "duration": 11600,
              "state": "passed",
              "speed": "slow",
              "pass": true,
              "fail": false,
              "pending": false,
              "context": null,
              "code": "hp.getPageTitle().should('contains', 'QA');",
              "err": {},
              "uuid": "9998893b-ec07-4ecf-999e-ea843ce9a9ad",
              "parentUUID": "60fd6ea7-50bd-4bfe-ac2d-639ad6eb9f14",
              "isHook": false,
              "skipped": false
            },
            {
              "title": "visits to  the \"ABOUT\" page",
              "fullTitle": "Check the Page Navigation visits to  the \"ABOUT\" page",
              "timedOut": null,
              "duration": 9384,
              "state": "passed",
              "speed": "medium",
              "pass": true,
              "fail": false,
              "pending": false,
              "context": null,
              "code": "hp.navigateToAboutPage();",
              "err": {},
              "uuid": "5768a855-ef3e-4fc7-8fe4-0ac6350b56f9",
              "parentUUID": "60fd6ea7-50bd-4bfe-ac2d-639ad6eb9f14",
              "isHook": false,
              "skipped": false
            },
            {
              "title": "checks if \"About QA InfoTech\" is present on that page",
              "fullTitle": "Check the Page Navigation checks if \"About QA InfoTech\" is present on that page",
              "timedOut": null,
              "duration": 139,
              "state": "passed",
              "speed": "fast",
              "pass": true,
              "fail": false,
              "pending": false,
              "context": null,
              "code": "hp.checkContent().contains('About QA InfoTech');",
              "err": {},
              "uuid": "a580333e-bf39-4590-87aa-179cd1fb5ba4",
              "parentUUID": "60fd6ea7-50bd-4bfe-ac2d-639ad6eb9f14",
              "isHook": false,
              "skipped": false
            },
            {
              "title": "visits to \"SERVICES\" page",
              "fullTitle": "Check the Page Navigation visits to \"SERVICES\" page",
              "timedOut": null,
              "duration": 7244,
              "state": "passed",
              "speed": "medium",
              "pass": true,
              "fail": false,
              "pending": false,
              "context": null,
              "code": "hp.navigatetoServicesPage();",
              "err": {},
              "uuid": "7e76f367-1a85-438c-87cd-3b79316b870b",
              "parentUUID": "60fd6ea7-50bd-4bfe-ac2d-639ad6eb9f14",
              "isHook": false,
              "skipped": false
            },
            {
              "title": "checks if \"Functional Testing Services Overview\" is present on that page",
              "fullTitle": "Check the Page Navigation checks if \"Functional Testing Services Overview\" is present on that page",
              "timedOut": null,
              "duration": 207,
              "state": "passed",
              "speed": "fast",
              "pass": true,
              "fail": false,
              "pending": false,
              "context": null,
              "code": "hp.verifyTheContent().contains('Functional Testing Services Overview');",
              "err": {},
              "uuid": "0e1fb46b-f9f7-4a43-8467-339d2f793928",
              "parentUUID": "60fd6ea7-50bd-4bfe-ac2d-639ad6eb9f14",
              "isHook": false,
              "skipped": false
            },
            {
              "title": "visits to \"SERVICES\" page",
              "fullTitle": "Check the Page Navigation visits to \"SERVICES\" page",
              "timedOut": null,
              "duration": 4776,
              "state": "passed",
              "speed": "fast",
              "pass": true,
              "fail": false,
              "pending": false,
              "context": null,
              "code": "hp.navigateToQuotePage();",
              "err": {},
              "uuid": "e988cabe-304e-407b-ad32-0b06687f8a6c",
              "parentUUID": "60fd6ea7-50bd-4bfe-ac2d-639ad6eb9f14",
              "isHook": false,
              "skipped": false
            },
            {
              "title": "Gets the input field and inputs text",
              "fullTitle": "Check the Page Navigation Gets the input field and inputs text",
              "timedOut": null,
              "duration": 812,
              "state": "passed",
              "speed": "fast",
              "pass": true,
              "fail": false,
              "pending": false,
              "context": null,
              "code": "hp.entersTheName(data.firstName, data.lastName);",
              "err": {},
              "uuid": "c4a2fee6-0fb2-4acc-ac34-34be98e6b9c9",
              "parentUUID": "60fd6ea7-50bd-4bfe-ac2d-639ad6eb9f14",
              "isHook": false,
              "skipped": false
            },
            {
              "title": "Select the location from drop down list",
              "fullTitle": "Check the Page Navigation Select the location from drop down list",
              "timedOut": null,
              "duration": 326,
              "state": "passed",
              "speed": "fast",
              "pass": true,
              "fail": false,
              "pending": false,
              "context": null,
              "code": "hp.selectFromDropDownList(data.location);",
              "err": {},
              "uuid": "6a58660b-595a-4004-b30a-62c8d81736f3",
              "parentUUID": "60fd6ea7-50bd-4bfe-ac2d-639ad6eb9f14",
              "isHook": false,
              "skipped": false
            },
            {
              "title": "checks if \"Request For Quote\" is present on that page",
              "fullTitle": "Check the Page Navigation checks if \"Request For Quote\" is present on that page",
              "timedOut": null,
              "duration": 33,
              "state": "passed",
              "speed": "fast",
              "pass": true,
              "fail": false,
              "pending": false,
              "context": null,
              "code": "hp.checkThecontent().contains('Request For Quote');",
              "err": {},
              "uuid": "9b10c308-7126-4696-9e6c-edfc10d8ecff",
              "parentUUID": "60fd6ea7-50bd-4bfe-ac2d-639ad6eb9f14",
              "isHook": false,
              "skipped": false
            }
          ],
          "suites": [],
          "passes": [
            "9998893b-ec07-4ecf-999e-ea843ce9a9ad",
            "5768a855-ef3e-4fc7-8fe4-0ac6350b56f9",
            "a580333e-bf39-4590-87aa-179cd1fb5ba4",
            "7e76f367-1a85-438c-87cd-3b79316b870b",
            "0e1fb46b-f9f7-4a43-8467-339d2f793928",
            "e988cabe-304e-407b-ad32-0b06687f8a6c",
            "c4a2fee6-0fb2-4acc-ac34-34be98e6b9c9",
            "6a58660b-595a-4004-b30a-62c8d81736f3",
            "9b10c308-7126-4696-9e6c-edfc10d8ecff"
          ],
          "failures": [],
          "pending": [],
          "skipped": [],
          "duration": 34521,
          "root": false,
          "rootEmpty": false,
          "_timeout": 2000
        }
      ],
      "passes": [],
      "failures": [],
      "pending": [],
      "skipped": [],
      "duration": 0,
      "root": true,
      "rootEmpty": true,
      "_timeout": 2000
    }
  ],
  "meta": {
    "mocha": {
      "version": "7.0.1"
    },
    "mochawesome": {
      "options": {
        "quiet": false,
        "reportFilename": "mochawesome",
        "saveHtml": false,
        "saveJson": true,
        "consoleReporter": "spec",
        "useInlineDiffs": false,
        "code": true
      },
      "version": "7.0.1"
    },
    "marge": {
      "options": {
        "reportDir": "cypress/reports",
        "overwrite": false,
        "html": false,
        "json": true,
        "charts": "true"
      },
      "version": "6.0.1"
    }
  }
}