{
  "stats": {
    "suites": 1,
    "tests": 1,
    "passes": 0,
    "pending": 0,
    "failures": 1,
    "start": "2022-01-11T08:26:01.778Z",
    "end": "2022-01-11T08:26:30.542Z",
    "duration": 28764,
    "testsRegistered": 1,
    "passPercent": 0,
    "pendingPercent": 0,
    "other": 0,
    "hasOther": false,
    "skipped": 0,
    "hasSkipped": false
  },
  "results": [
    {
      "uuid": "5af72de8-8693-4518-a61b-35f1cb368d57",
      "title": "",
      "fullFile": "cypress/integration/testcases/testcase_01.spec.js",
      "file": "cypress/integration/testcases/testcase_01.spec.js",
      "beforeHooks": [],
      "afterHooks": [],
      "tests": [],
      "suites": [
        {
          "uuid": "083725fe-bde3-4eeb-bde7-3d6a1e1b7821",
          "title": "Check the Page Navigation",
          "fullFile": "",
          "file": "",
          "beforeHooks": [],
          "afterHooks": [],
          "tests": [
            {
              "title": "Verify Page title",
              "fullTitle": "Check the Page Navigation Verify Page title",
              "timedOut": null,
              "duration": 28620,
              "state": "failed",
              "speed": null,
              "pass": false,
              "fail": true,
              "pending": false,
              "context": null,
              "code": "hp.getPageTitle().should('contains', 'QA');",
              "err": {
                "message": "CypressError: `cy.task('visualRegressionCopy')` failed with the following error:\n\nThe 'task' event has not been registered in the plugins file. You must register it before using cy.task()\n\nFix this in your plugins file here:\nC:\\Users\\Khyati.rani\\Desktop\\CypressLearning\\cypress\\plugins\\index.js\n\nhttps://on.cypress.io/api/task\n\nBecause this error occurred during a `before all` hook we are skipping the remaining tests in the current suite: `Check the Page Navigation`",
                "estack": "CypressError: `cy.task('visualRegressionCopy')` failed with the following error:\n\nThe 'task' event has not been registered in the plugins file. You must register it before using cy.task()\n\nFix this in your plugins file here:\nC:\\Users\\Khyati.rani\\Desktop\\CypressLearning\\cypress\\plugins\\index.js\n\nhttps://on.cypress.io/api/task\n\nBecause this error occurred during a `before all` hook we are skipping the remaining tests in the current suite: `Check the Page Navigation`\n    at https://qainfotech.com/__cypress/runner/cypress_runner.js:160999:80\n    at tryCatcher (https://qainfotech.com/__cypress/runner/cypress_runner.js:13196:23)\n    at Promise._settlePromiseFromHandler (https://qainfotech.com/__cypress/runner/cypress_runner.js:11131:31)\n    at Promise._settlePromise (https://qainfotech.com/__cypress/runner/cypress_runner.js:11188:18)\n    at Promise._settlePromise0 (https://qainfotech.com/__cypress/runner/cypress_runner.js:11233:10)\n    at Promise._settlePromises (https://qainfotech.com/__cypress/runner/cypress_runner.js:11309:18)\n    at _drainQueueStep (https://qainfotech.com/__cypress/runner/cypress_runner.js:7903:12)\n    at _drainQueue (https://qainfotech.com/__cypress/runner/cypress_runner.js:7896:9)\n    at Async.../../node_modules/bluebird/js/release/async.js.Async._drainQueues (https://qainfotech.com/__cypress/runner/cypress_runner.js:7912:5)\n    at Async.drainQueues (https://qainfotech.com/__cypress/runner/cypress_runner.js:7782:14)\nFrom Your Spec Code:\n    at Context.eval (https://qainfotech.com/__cypress/tests?p=cypress\\support\\index.js:179:69)",
                "diff": null
              },
              "uuid": "e3d2f031-a40a-4157-8216-91edf12fe4bd",
              "parentUUID": "083725fe-bde3-4eeb-bde7-3d6a1e1b7821",
              "isHook": false,
              "skipped": false
            }
          ],
          "suites": [],
          "passes": [],
          "failures": [
            "e3d2f031-a40a-4157-8216-91edf12fe4bd"
          ],
          "pending": [],
          "skipped": [],
          "duration": 28620,
          "root": false,
          "rootEmpty": false,
          "_timeout": 2000
        }
      ],
      "passes": [],
      "failures": [],
      "pending": [],
      "skipped": [],
      "duration": 0,
      "root": true,
      "rootEmpty": true,
      "_timeout": 2000
    }
  ],
  "meta": {
    "mocha": {
      "version": "7.0.1"
    },
    "mochawesome": {
      "options": {
        "quiet": false,
        "reportFilename": "mochawesome",
        "saveHtml": true,
        "saveJson": true,
        "consoleReporter": "spec",
        "useInlineDiffs": false,
        "code": true
      },
      "version": "7.0.1"
    },
    "marge": {
      "options": {
        "reportDir": "cypress/reports",
        "reportFileName": "testResult",
        "overwrite": "false",
        "html": "true",
        "json": "true",
        "charts": "true"
      },
      "version": "6.0.1"
    }
  }
}