{
  "stats": {
    "suites": 1,
    "tests": 5,
    "passes": 4,
    "pending": 3,
    "failures": -2,
    "start": "2022-01-20T11:20:06.650Z",
    "end": "2022-01-20T11:20:48.372Z",
    "duration": 41722,
    "testsRegistered": 7,
    "passPercent": 100,
    "pendingPercent": 42.857142857142854,
    "other": 2,
    "hasOther": true,
    "skipped": 0,
    "hasSkipped": false
  },
  "results": [
    {
      "uuid": "078a98ab-15fa-4168-89df-339c957af336",
      "title": "",
      "fullFile": "cypress/integration/testcases/testcase_02.spec.js",
      "file": "cypress/integration/testcases/testcase_02.spec.js",
      "beforeHooks": [],
      "afterHooks": [],
      "tests": [],
      "suites": [
        {
          "uuid": "130c33d3-88fe-48e4-8ec2-9828d06aa9f9",
          "title": "Check the Page Navigation",
          "fullFile": "",
          "file": "",
          "beforeHooks": [],
          "afterHooks": [],
          "tests": [
            {
              "title": "Verify Page title",
              "fullTitle": "Check the Page Navigation Verify Page title",
              "timedOut": null,
              "duration": 15826,
              "state": "passed",
              "speed": "slow",
              "pass": true,
              "fail": false,
              "pending": false,
              "context": null,
              "code": "hp.getPageTitle().should('contains', 'QA');",
              "err": {},
              "uuid": "ef4a5bc2-6563-440f-b0e9-7665d100c43e",
              "parentUUID": "130c33d3-88fe-48e4-8ec2-9828d06aa9f9",
              "isHook": false,
              "skipped": false
            },
            {
              "title": "visits to \"SERVICES\" page",
              "fullTitle": "Check the Page Navigation visits to \"SERVICES\" page",
              "timedOut": null,
              "duration": 17733,
              "state": "passed",
              "speed": "slow",
              "pass": true,
              "fail": false,
              "pending": false,
              "context": null,
              "code": "hp.navigatetoServicesPage();",
              "err": {},
              "uuid": "b59042dc-4059-4f4b-b4a0-7f428e5492f3",
              "parentUUID": "130c33d3-88fe-48e4-8ec2-9828d06aa9f9",
              "isHook": false,
              "skipped": false
            },
            {
              "title": "checks if \"Functional Testing Services Overview\" is present on that page",
              "fullTitle": "Check the Page Navigation checks if \"Functional Testing Services Overview\" is present on that page",
              "timedOut": null,
              "duration": 871,
              "state": "passed",
              "speed": "fast",
              "pass": true,
              "fail": false,
              "pending": false,
              "context": null,
              "code": "hp.verifyTheContent().contains('Functional Testing Services Overview');",
              "err": {},
              "uuid": "d874864b-6651-494c-af67-6c2c4f8cd286",
              "parentUUID": "130c33d3-88fe-48e4-8ec2-9828d06aa9f9",
              "isHook": false,
              "skipped": false
            },
            {
              "title": "visits to \"SERVICES\" page",
              "fullTitle": "Check the Page Navigation visits to \"SERVICES\" page",
              "timedOut": null,
              "duration": 7069,
              "state": "passed",
              "speed": "medium",
              "pass": true,
              "fail": false,
              "pending": false,
              "context": null,
              "code": "hp.navigateToQuotePage();",
              "err": {},
              "uuid": "08719221-ffaa-4f0c-8a53-48b2656e68ee",
              "parentUUID": "130c33d3-88fe-48e4-8ec2-9828d06aa9f9",
              "isHook": false,
              "skipped": false
            },
            {
              "title": "Gets the input field and inputs text",
              "fullTitle": "Check the Page Navigation Gets the input field and inputs text",
              "timedOut": null,
              "duration": 0,
              "state": "pending",
              "speed": null,
              "pass": false,
              "fail": false,
              "pending": true,
              "context": null,
              "code": "",
              "err": {},
              "uuid": "48303cb0-38e8-4f76-974d-f6c35e9e3868",
              "parentUUID": "130c33d3-88fe-48e4-8ec2-9828d06aa9f9",
              "isHook": false,
              "skipped": false
            },
            {
              "title": "Select the location from drop down list",
              "fullTitle": "Check the Page Navigation Select the location from drop down list",
              "timedOut": null,
              "duration": 0,
              "state": "pending",
              "speed": null,
              "pass": false,
              "fail": false,
              "pending": true,
              "context": null,
              "code": "",
              "err": {},
              "uuid": "abbc0745-ef00-4b11-bc8a-2f603ce4045b",
              "parentUUID": "130c33d3-88fe-48e4-8ec2-9828d06aa9f9",
              "isHook": false,
              "skipped": false
            },
            {
              "title": "checks if \"Request For Quote\" is present on that page",
              "fullTitle": "Check the Page Navigation checks if \"Request For Quote\" is present on that page",
              "timedOut": null,
              "duration": 0,
              "state": "pending",
              "speed": null,
              "pass": false,
              "fail": false,
              "pending": true,
              "context": null,
              "code": "",
              "err": {},
              "uuid": "e47e67f0-8544-4aa6-bc11-d11a468cc30f",
              "parentUUID": "130c33d3-88fe-48e4-8ec2-9828d06aa9f9",
              "isHook": false,
              "skipped": false
            }
          ],
          "suites": [],
          "passes": [
            "ef4a5bc2-6563-440f-b0e9-7665d100c43e",
            "b59042dc-4059-4f4b-b4a0-7f428e5492f3",
            "d874864b-6651-494c-af67-6c2c4f8cd286",
            "08719221-ffaa-4f0c-8a53-48b2656e68ee"
          ],
          "failures": [],
          "pending": [
            "48303cb0-38e8-4f76-974d-f6c35e9e3868",
            "abbc0745-ef00-4b11-bc8a-2f603ce4045b",
            "e47e67f0-8544-4aa6-bc11-d11a468cc30f"
          ],
          "skipped": [],
          "duration": 41499,
          "root": false,
          "rootEmpty": false,
          "_timeout": 2000
        }
      ],
      "passes": [],
      "failures": [],
      "pending": [],
      "skipped": [],
      "duration": 0,
      "root": true,
      "rootEmpty": true,
      "_timeout": 2000
    }
  ],
  "meta": {
    "mocha": {
      "version": "7.0.1"
    },
    "mochawesome": {
      "options": {
        "quiet": false,
        "reportFilename": "mochawesome",
        "saveHtml": false,
        "saveJson": true,
        "consoleReporter": "spec",
        "useInlineDiffs": false,
        "code": true
      },
      "version": "7.0.1"
    },
    "marge": {
      "options": {
        "reportDir": "cypress/reports",
        "overwrite": false,
        "html": false,
        "json": true,
        "charts": "true"
      },
      "version": "6.0.1"
    }
  }
}