{
  "stats": {
    "suites": 1,
    "tests": 1,
    "passes": 0,
    "pending": 7,
    "failures": -6,
    "start": "2022-01-20T11:55:33.012Z",
    "end": "2022-01-20T11:55:44.123Z",
    "duration": 11111,
    "testsRegistered": 7,
    "passPercent": null,
    "pendingPercent": 100,
    "other": 6,
    "hasOther": true,
    "skipped": 0,
    "hasSkipped": false
  },
  "results": [
    {
      "uuid": "622d6c55-7e93-43a9-86d1-436d803b9c65",
      "title": "",
      "fullFile": "cypress/integration/testcases/testcase_02.spec.js",
      "file": "cypress/integration/testcases/testcase_02.spec.js",
      "beforeHooks": [],
      "afterHooks": [],
      "tests": [],
      "suites": [
        {
          "uuid": "4cbe2607-21de-4686-af51-4f0df26da5d0",
          "title": "Check the Page Navigation",
          "fullFile": "",
          "file": "",
          "beforeHooks": [],
          "afterHooks": [],
          "tests": [
            {
              "title": "Verify Page title",
              "fullTitle": "Check the Page Navigation Verify Page title",
              "timedOut": null,
              "duration": 0,
              "state": "pending",
              "speed": null,
              "pass": false,
              "fail": false,
              "pending": true,
              "context": null,
              "code": "",
              "err": {},
              "uuid": "cac3e95f-9543-4ef1-a332-9249c2b87fff",
              "parentUUID": "4cbe2607-21de-4686-af51-4f0df26da5d0",
              "isHook": false,
              "skipped": false
            },
            {
              "title": "visits to \"SERVICES\" page",
              "fullTitle": "Check the Page Navigation visits to \"SERVICES\" page",
              "timedOut": null,
              "duration": 0,
              "state": "pending",
              "speed": null,
              "pass": false,
              "fail": false,
              "pending": true,
              "context": null,
              "code": "",
              "err": {},
              "uuid": "d689157c-65e9-40e9-89c7-61e8593adcae",
              "parentUUID": "4cbe2607-21de-4686-af51-4f0df26da5d0",
              "isHook": false,
              "skipped": false
            },
            {
              "title": "checks if \"Functional Testing Services Overview\" is present on that page",
              "fullTitle": "Check the Page Navigation checks if \"Functional Testing Services Overview\" is present on that page",
              "timedOut": null,
              "duration": 0,
              "state": "pending",
              "speed": null,
              "pass": false,
              "fail": false,
              "pending": true,
              "context": null,
              "code": "",
              "err": {},
              "uuid": "6f1e040c-eb12-4cd4-9d66-48a66569c785",
              "parentUUID": "4cbe2607-21de-4686-af51-4f0df26da5d0",
              "isHook": false,
              "skipped": false
            },
            {
              "title": "visits to \"SERVICES\" page",
              "fullTitle": "Check the Page Navigation visits to \"SERVICES\" page",
              "timedOut": null,
              "duration": 0,
              "state": "pending",
              "speed": null,
              "pass": false,
              "fail": false,
              "pending": true,
              "context": null,
              "code": "",
              "err": {},
              "uuid": "469b114c-5333-4725-ae3c-31bced5b0b1e",
              "parentUUID": "4cbe2607-21de-4686-af51-4f0df26da5d0",
              "isHook": false,
              "skipped": false
            },
            {
              "title": "Gets the input field and inputs text",
              "fullTitle": "Check the Page Navigation Gets the input field and inputs text",
              "timedOut": null,
              "duration": 0,
              "state": "pending",
              "speed": null,
              "pass": false,
              "fail": false,
              "pending": true,
              "context": null,
              "code": "",
              "err": {},
              "uuid": "6b34adeb-8421-44ab-a94b-30bb9d91ee71",
              "parentUUID": "4cbe2607-21de-4686-af51-4f0df26da5d0",
              "isHook": false,
              "skipped": false
            },
            {
              "title": "Select the location from drop down list",
              "fullTitle": "Check the Page Navigation Select the location from drop down list",
              "timedOut": null,
              "duration": 0,
              "state": "pending",
              "speed": null,
              "pass": false,
              "fail": false,
              "pending": true,
              "context": null,
              "code": "",
              "err": {},
              "uuid": "7b6ee243-f1ed-4143-94c0-52ee88b56647",
              "parentUUID": "4cbe2607-21de-4686-af51-4f0df26da5d0",
              "isHook": false,
              "skipped": false
            },
            {
              "title": "checks if \"Request For Quote\" is present on that page",
              "fullTitle": "Check the Page Navigation checks if \"Request For Quote\" is present on that page",
              "timedOut": null,
              "duration": 0,
              "state": "pending",
              "speed": null,
              "pass": false,
              "fail": false,
              "pending": true,
              "context": null,
              "code": "",
              "err": {},
              "uuid": "8da5145d-3c6e-47dd-ba67-f697fa81686f",
              "parentUUID": "4cbe2607-21de-4686-af51-4f0df26da5d0",
              "isHook": false,
              "skipped": false
            }
          ],
          "suites": [],
          "passes": [],
          "failures": [],
          "pending": [
            "cac3e95f-9543-4ef1-a332-9249c2b87fff",
            "d689157c-65e9-40e9-89c7-61e8593adcae",
            "6f1e040c-eb12-4cd4-9d66-48a66569c785",
            "469b114c-5333-4725-ae3c-31bced5b0b1e",
            "6b34adeb-8421-44ab-a94b-30bb9d91ee71",
            "7b6ee243-f1ed-4143-94c0-52ee88b56647",
            "8da5145d-3c6e-47dd-ba67-f697fa81686f"
          ],
          "skipped": [],
          "duration": 0,
          "root": false,
          "rootEmpty": false,
          "_timeout": 2000
        }
      ],
      "passes": [],
      "failures": [],
      "pending": [],
      "skipped": [],
      "duration": 0,
      "root": true,
      "rootEmpty": true,
      "_timeout": 2000
    }
  ],
  "meta": {
    "mocha": {
      "version": "7.0.1"
    },
    "mochawesome": {
      "options": {
        "quiet": false,
        "reportFilename": "mochawesome",
        "saveHtml": false,
        "saveJson": true,
        "consoleReporter": "spec",
        "useInlineDiffs": false,
        "code": true
      },
      "version": "7.0.1"
    },
    "marge": {
      "options": {
        "reportDir": "cypress/reports",
        "overwrite": false,
        "html": false,
        "json": true,
        "charts": "true"
      },
      "version": "6.0.1"
    }
  }
}