{
  "stats": {
    "suites": 1,
    "tests": 9,
    "passes": 9,
    "pending": 0,
    "failures": 0,
    "start": "2022-01-17T09:50:12.443Z",
    "end": "2022-01-17T09:51:07.161Z",
    "duration": 54718,
    "testsRegistered": 9,
    "passPercent": 100,
    "pendingPercent": 0,
    "other": 0,
    "hasOther": false,
    "skipped": 0,
    "hasSkipped": false
  },
  "results": [
    {
      "uuid": "41149e6e-ec18-4783-a18d-353d452c6c74",
      "title": "",
      "fullFile": "cypress/integration/testcases/testcase_01.spec.js",
      "file": "cypress/integration/testcases/testcase_01.spec.js",
      "beforeHooks": [],
      "afterHooks": [],
      "tests": [],
      "suites": [
        {
          "uuid": "d9453a97-f74f-444a-8e20-8647576647b1",
          "title": "Check the Page Navigation",
          "fullFile": "",
          "file": "",
          "beforeHooks": [],
          "afterHooks": [],
          "tests": [
            {
              "title": "Verify Page title",
              "fullTitle": "Check the Page Navigation Verify Page title",
              "timedOut": null,
              "duration": 13871,
              "state": "passed",
              "speed": "slow",
              "pass": true,
              "fail": false,
              "pending": false,
              "context": null,
              "code": "hp.getPageTitle().should('contains', 'QA');",
              "err": {},
              "uuid": "f26c6aa3-dc4d-4c16-8424-9cd1d2aacef7",
              "parentUUID": "d9453a97-f74f-444a-8e20-8647576647b1",
              "isHook": false,
              "skipped": false
            },
            {
              "title": "visits to  the \"ABOUT\" page",
              "fullTitle": "Check the Page Navigation visits to  the \"ABOUT\" page",
              "timedOut": null,
              "duration": 14270,
              "state": "passed",
              "speed": "slow",
              "pass": true,
              "fail": false,
              "pending": false,
              "context": null,
              "code": "hp.navigateToAboutPage();",
              "err": {},
              "uuid": "e0896425-e71a-442b-a451-e84c2aa6dec5",
              "parentUUID": "d9453a97-f74f-444a-8e20-8647576647b1",
              "isHook": false,
              "skipped": false
            },
            {
              "title": "checks if \"About QA InfoTech\" is present on that page",
              "fullTitle": "Check the Page Navigation checks if \"About QA InfoTech\" is present on that page",
              "timedOut": null,
              "duration": 130,
              "state": "passed",
              "speed": "fast",
              "pass": true,
              "fail": false,
              "pending": false,
              "context": null,
              "code": "hp.checkContent().contains('About QA InfoTech');",
              "err": {},
              "uuid": "33aa01e2-d3e0-4d4b-abe2-e60238e26d49",
              "parentUUID": "d9453a97-f74f-444a-8e20-8647576647b1",
              "isHook": false,
              "skipped": false
            },
            {
              "title": "visits to \"SERVICES\" page",
              "fullTitle": "Check the Page Navigation visits to \"SERVICES\" page",
              "timedOut": null,
              "duration": 9857,
              "state": "passed",
              "speed": "medium",
              "pass": true,
              "fail": false,
              "pending": false,
              "context": null,
              "code": "hp.navigatetoServicesPage();",
              "err": {},
              "uuid": "fb900efe-b7d5-40f4-9bd8-ee3f907e33f0",
              "parentUUID": "d9453a97-f74f-444a-8e20-8647576647b1",
              "isHook": false,
              "skipped": false
            },
            {
              "title": "checks if \"Functional Testing Services Overview\" is present on that page",
              "fullTitle": "Check the Page Navigation checks if \"Functional Testing Services Overview\" is present on that page",
              "timedOut": null,
              "duration": 102,
              "state": "passed",
              "speed": "fast",
              "pass": true,
              "fail": false,
              "pending": false,
              "context": null,
              "code": "hp.verifyTheContent().contains('Functional Testing Services Overview');",
              "err": {},
              "uuid": "9a4f5c57-9430-4e52-8c6f-8f3734eef192",
              "parentUUID": "d9453a97-f74f-444a-8e20-8647576647b1",
              "isHook": false,
              "skipped": false
            },
            {
              "title": "visits to \"SERVICES\" page",
              "fullTitle": "Check the Page Navigation visits to \"SERVICES\" page",
              "timedOut": null,
              "duration": 15521,
              "state": "passed",
              "speed": "slow",
              "pass": true,
              "fail": false,
              "pending": false,
              "context": null,
              "code": "hp.navigateToQuotePage();",
              "err": {},
              "uuid": "c37ced43-6530-43f0-a188-65a5d46d1fac",
              "parentUUID": "d9453a97-f74f-444a-8e20-8647576647b1",
              "isHook": false,
              "skipped": false
            },
            {
              "title": "Gets the input field and inputs text",
              "fullTitle": "Check the Page Navigation Gets the input field and inputs text",
              "timedOut": null,
              "duration": 602,
              "state": "passed",
              "speed": "fast",
              "pass": true,
              "fail": false,
              "pending": false,
              "context": null,
              "code": "hp.entersTheName(data.firstName, data.lastName);",
              "err": {},
              "uuid": "97717f7e-07a5-4f64-aaff-b093ef9527d9",
              "parentUUID": "d9453a97-f74f-444a-8e20-8647576647b1",
              "isHook": false,
              "skipped": false
            },
            {
              "title": "Select the location from drop down list",
              "fullTitle": "Check the Page Navigation Select the location from drop down list",
              "timedOut": null,
              "duration": 210,
              "state": "passed",
              "speed": "fast",
              "pass": true,
              "fail": false,
              "pending": false,
              "context": null,
              "code": "hp.selectFromDropDownList(data.location);",
              "err": {},
              "uuid": "45ade93d-100a-4381-a6ca-5427afff6f14",
              "parentUUID": "d9453a97-f74f-444a-8e20-8647576647b1",
              "isHook": false,
              "skipped": false
            },
            {
              "title": "checks if \"Request For Quote\" is present on that page",
              "fullTitle": "Check the Page Navigation checks if \"Request For Quote\" is present on that page",
              "timedOut": null,
              "duration": 25,
              "state": "passed",
              "speed": "fast",
              "pass": true,
              "fail": false,
              "pending": false,
              "context": null,
              "code": "hp.checkThecontent().contains('Request For Quote');",
              "err": {},
              "uuid": "977028f0-2082-4357-ad2e-b1548f393530",
              "parentUUID": "d9453a97-f74f-444a-8e20-8647576647b1",
              "isHook": false,
              "skipped": false
            }
          ],
          "suites": [],
          "passes": [
            "f26c6aa3-dc4d-4c16-8424-9cd1d2aacef7",
            "e0896425-e71a-442b-a451-e84c2aa6dec5",
            "33aa01e2-d3e0-4d4b-abe2-e60238e26d49",
            "fb900efe-b7d5-40f4-9bd8-ee3f907e33f0",
            "9a4f5c57-9430-4e52-8c6f-8f3734eef192",
            "c37ced43-6530-43f0-a188-65a5d46d1fac",
            "97717f7e-07a5-4f64-aaff-b093ef9527d9",
            "45ade93d-100a-4381-a6ca-5427afff6f14",
            "977028f0-2082-4357-ad2e-b1548f393530"
          ],
          "failures": [],
          "pending": [],
          "skipped": [],
          "duration": 54588,
          "root": false,
          "rootEmpty": false,
          "_timeout": 2000
        }
      ],
      "passes": [],
      "failures": [],
      "pending": [],
      "skipped": [],
      "duration": 0,
      "root": true,
      "rootEmpty": true,
      "_timeout": 2000
    }
  ],
  "meta": {
    "mocha": {
      "version": "7.0.1"
    },
    "mochawesome": {
      "options": {
        "quiet": false,
        "reportFilename": "mochawesome",
        "saveHtml": false,
        "saveJson": true,
        "consoleReporter": "spec",
        "useInlineDiffs": false,
        "code": true
      },
      "version": "7.0.1"
    },
    "marge": {
      "options": {
        "reportDir": "cypress/reports",
        "overwrite": false,
        "html": false,
        "json": true,
        "charts": "true"
      },
      "version": "6.0.1"
    }
  }
}