{
  "stats": {
    "suites": 1,
    "tests": 1,
    "passes": 0,
    "pending": 0,
    "failures": 1,
    "start": "2022-01-20T13:54:55.062Z",
    "end": "2022-01-20T13:55:07.973Z",
    "duration": 12911,
    "testsRegistered": 1,
    "passPercent": 0,
    "pendingPercent": 0,
    "other": 0,
    "hasOther": false,
    "skipped": 0,
    "hasSkipped": false
  },
  "results": [
    {
      "uuid": "17b99f95-4971-4d8d-b1aa-bea204621c7a",
      "title": "",
      "fullFile": "cypress/integration/testcases/testcase_01.spec.js",
      "file": "cypress/integration/testcases/testcase_01.spec.js",
      "beforeHooks": [],
      "afterHooks": [],
      "tests": [],
      "suites": [
        {
          "uuid": "385eeb56-a9c9-49fd-ba2c-fc6b8ff86d7f",
          "title": "Check the Page Navigation",
          "fullFile": "",
          "file": "",
          "beforeHooks": [],
          "afterHooks": [],
          "tests": [
            {
              "title": "Verify Page title",
              "fullTitle": "Check the Page Navigation Verify Page title",
              "timedOut": null,
              "duration": 12755,
              "state": "failed",
              "speed": null,
              "pass": false,
              "fail": true,
              "pending": true,
              "context": null,
              "code": "",
              "err": {
                "message": "CypressError: `cy.visit()` failed because you are attempting to visit a URL that is of a different origin.\n\nThe new URL is considered a different origin because the following parts of the URL are different:\n\n  > superdomain\n\nYou may only `cy.visit()` same-origin URLs within a single test.\n\nThe previous URL you visited was:\n\n  > 'https://qainfotech.com'\n\nYou're attempting to visit this URL:\n\n  > 'https://www.youtube.com'\n\nYou may need to restructure some of your test code to avoid this problem.\n\nhttps://on.cypress.io/cannot-visit-different-origin-domain\n\nBecause this error occurred during a `before all` hook we are skipping the remaining tests in the current suite: `Check the Page Navigation`",
                "estack": "CypressError: `cy.visit()` failed because you are attempting to visit a URL that is of a different origin.\n\nThe new URL is considered a different origin because the following parts of the URL are different:\n\n  > superdomain\n\nYou may only `cy.visit()` same-origin URLs within a single test.\n\nThe previous URL you visited was:\n\n  > 'https://qainfotech.com'\n\nYou're attempting to visit this URL:\n\n  > 'https://www.youtube.com'\n\nYou may need to restructure some of your test code to avoid this problem.\n\nhttps://on.cypress.io/cannot-visit-different-origin-domain\n\nBecause this error occurred during a `before all` hook we are skipping the remaining tests in the current suite: `Check the Page Navigation`\n    at cannotVisitDifferentOrigin (https://qainfotech.com/__cypress/runner/cypress_runner.js:157297:72)\n    at go (https://qainfotech.com/__cypress/runner/cypress_runner.js:158123:18)\n    at visit (https://qainfotech.com/__cypress/runner/cypress_runner.js:158311:16)\n    at Context.visit (https://qainfotech.com/__cypress/runner/cypress_runner.js:158314:14)\nFrom Your Spec Code:\n    at homePage.visit (https://qainfotech.com/__cypress/tests?p=cypress\\integration\\testcases\\testcase_01.spec.js:140:8)\n    at Context.eval (https://qainfotech.com/__cypress/tests?p=cypress\\integration\\testcases\\testcase_01.spec.js:239:8)",
                "diff": null
              },
              "uuid": "b5e20500-05ca-4cf1-8cad-a5124f84a111",
              "parentUUID": "385eeb56-a9c9-49fd-ba2c-fc6b8ff86d7f",
              "isHook": false,
              "skipped": false
            }
          ],
          "suites": [],
          "passes": [],
          "failures": [
            "b5e20500-05ca-4cf1-8cad-a5124f84a111"
          ],
          "pending": [
            "b5e20500-05ca-4cf1-8cad-a5124f84a111"
          ],
          "skipped": [],
          "duration": 12755,
          "root": false,
          "rootEmpty": false,
          "_timeout": 2000
        }
      ],
      "passes": [],
      "failures": [],
      "pending": [],
      "skipped": [],
      "duration": 0,
      "root": true,
      "rootEmpty": true,
      "_timeout": 2000
    }
  ],
  "meta": {
    "mocha": {
      "version": "7.0.1"
    },
    "mochawesome": {
      "options": {
        "quiet": false,
        "reportFilename": "mochawesome",
        "saveHtml": false,
        "saveJson": true,
        "consoleReporter": "spec",
        "useInlineDiffs": false,
        "code": true
      },
      "version": "7.0.1"
    },
    "marge": {
      "options": {
        "reportDir": "cypress/reports",
        "overwrite": false,
        "html": false,
        "json": true,
        "charts": "true"
      },
      "version": "6.0.1"
    }
  }
}