{
  "stats": {
    "suites": 1,
    "tests": 1,
    "passes": 0,
    "pending": 7,
    "failures": -6,
    "start": "2022-01-20T11:40:27.703Z",
    "end": "2022-01-20T11:40:37.675Z",
    "duration": 9972,
    "testsRegistered": 7,
    "passPercent": null,
    "pendingPercent": 100,
    "other": 6,
    "hasOther": true,
    "skipped": 0,
    "hasSkipped": false
  },
  "results": [
    {
      "uuid": "f059ba52-4b92-4237-8ace-20e6d4fcb4c2",
      "title": "",
      "fullFile": "cypress/integration/testcases/testcase_02.spec.js",
      "file": "cypress/integration/testcases/testcase_02.spec.js",
      "beforeHooks": [],
      "afterHooks": [],
      "tests": [],
      "suites": [
        {
          "uuid": "85a01198-d757-4671-915e-e72e494e705f",
          "title": "Check the Page Navigation",
          "fullFile": "",
          "file": "",
          "beforeHooks": [],
          "afterHooks": [],
          "tests": [
            {
              "title": "Verify Page title",
              "fullTitle": "Check the Page Navigation Verify Page title",
              "timedOut": null,
              "duration": 0,
              "state": "pending",
              "speed": null,
              "pass": false,
              "fail": false,
              "pending": true,
              "context": null,
              "code": "",
              "err": {},
              "uuid": "bbc0ca8e-adb3-4bf0-af44-cab77ca146af",
              "parentUUID": "85a01198-d757-4671-915e-e72e494e705f",
              "isHook": false,
              "skipped": false
            },
            {
              "title": "visits to \"SERVICES\" page",
              "fullTitle": "Check the Page Navigation visits to \"SERVICES\" page",
              "timedOut": null,
              "duration": 0,
              "state": "pending",
              "speed": null,
              "pass": false,
              "fail": false,
              "pending": true,
              "context": null,
              "code": "",
              "err": {},
              "uuid": "6f482851-0fae-46f1-bd0a-65a84a7608ca",
              "parentUUID": "85a01198-d757-4671-915e-e72e494e705f",
              "isHook": false,
              "skipped": false
            },
            {
              "title": "checks if \"Functional Testing Services Overview\" is present on that page",
              "fullTitle": "Check the Page Navigation checks if \"Functional Testing Services Overview\" is present on that page",
              "timedOut": null,
              "duration": 0,
              "state": "pending",
              "speed": null,
              "pass": false,
              "fail": false,
              "pending": true,
              "context": null,
              "code": "",
              "err": {},
              "uuid": "4255407f-264c-45cd-bbed-a69c92b90ea0",
              "parentUUID": "85a01198-d757-4671-915e-e72e494e705f",
              "isHook": false,
              "skipped": false
            },
            {
              "title": "visits to \"SERVICES\" page",
              "fullTitle": "Check the Page Navigation visits to \"SERVICES\" page",
              "timedOut": null,
              "duration": 0,
              "state": "pending",
              "speed": null,
              "pass": false,
              "fail": false,
              "pending": true,
              "context": null,
              "code": "",
              "err": {},
              "uuid": "4dbcc2b1-5b3a-476e-8397-a662a9f6b36c",
              "parentUUID": "85a01198-d757-4671-915e-e72e494e705f",
              "isHook": false,
              "skipped": false
            },
            {
              "title": "Gets the input field and inputs text",
              "fullTitle": "Check the Page Navigation Gets the input field and inputs text",
              "timedOut": null,
              "duration": 0,
              "state": "pending",
              "speed": null,
              "pass": false,
              "fail": false,
              "pending": true,
              "context": null,
              "code": "",
              "err": {},
              "uuid": "69f67000-1515-40ce-aa8a-f85e6d082679",
              "parentUUID": "85a01198-d757-4671-915e-e72e494e705f",
              "isHook": false,
              "skipped": false
            },
            {
              "title": "Select the location from drop down list",
              "fullTitle": "Check the Page Navigation Select the location from drop down list",
              "timedOut": null,
              "duration": 0,
              "state": "pending",
              "speed": null,
              "pass": false,
              "fail": false,
              "pending": true,
              "context": null,
              "code": "",
              "err": {},
              "uuid": "4ec71009-16a7-4096-a79d-7459143d9294",
              "parentUUID": "85a01198-d757-4671-915e-e72e494e705f",
              "isHook": false,
              "skipped": false
            },
            {
              "title": "checks if \"Request For Quote\" is present on that page",
              "fullTitle": "Check the Page Navigation checks if \"Request For Quote\" is present on that page",
              "timedOut": null,
              "duration": 0,
              "state": "pending",
              "speed": null,
              "pass": false,
              "fail": false,
              "pending": true,
              "context": null,
              "code": "",
              "err": {},
              "uuid": "0e5f4b89-070a-47fa-92e8-ca1b319382d3",
              "parentUUID": "85a01198-d757-4671-915e-e72e494e705f",
              "isHook": false,
              "skipped": false
            }
          ],
          "suites": [],
          "passes": [],
          "failures": [],
          "pending": [
            "bbc0ca8e-adb3-4bf0-af44-cab77ca146af",
            "6f482851-0fae-46f1-bd0a-65a84a7608ca",
            "4255407f-264c-45cd-bbed-a69c92b90ea0",
            "4dbcc2b1-5b3a-476e-8397-a662a9f6b36c",
            "69f67000-1515-40ce-aa8a-f85e6d082679",
            "4ec71009-16a7-4096-a79d-7459143d9294",
            "0e5f4b89-070a-47fa-92e8-ca1b319382d3"
          ],
          "skipped": [],
          "duration": 0,
          "root": false,
          "rootEmpty": false,
          "_timeout": 2000
        }
      ],
      "passes": [],
      "failures": [],
      "pending": [],
      "skipped": [],
      "duration": 0,
      "root": true,
      "rootEmpty": true,
      "_timeout": 2000
    }
  ],
  "meta": {
    "mocha": {
      "version": "7.0.1"
    },
    "mochawesome": {
      "options": {
        "quiet": false,
        "reportFilename": "mochawesome",
        "saveHtml": false,
        "saveJson": true,
        "consoleReporter": "spec",
        "useInlineDiffs": false,
        "code": true
      },
      "version": "7.0.1"
    },
    "marge": {
      "options": {
        "reportDir": "cypress/reports",
        "overwrite": false,
        "html": false,
        "json": true,
        "charts": "true"
      },
      "version": "6.0.1"
    }
  }
}