{
  "stats": {
    "suites": 1,
    "tests": 3,
    "passes": 3,
    "pending": 2,
    "failures": -2,
    "start": "2022-02-23T13:56:23.188Z",
    "end": "2022-02-23T13:56:37.874Z",
    "duration": 14686,
    "testsRegistered": 5,
    "passPercent": 100,
    "pendingPercent": 40,
    "other": 2,
    "hasOther": true,
    "skipped": 0,
    "hasSkipped": false
  },
  "results": [
    {
      "uuid": "a6b7c00b-9244-4ecb-b034-1d0a702be254",
      "title": "",
      "fullFile": "cypress/integration/testcases/testcase_01.spec.js",
      "file": "cypress/integration/testcases/testcase_01.spec.js",
      "beforeHooks": [],
      "afterHooks": [],
      "tests": [],
      "suites": [
        {
          "uuid": "530ca045-6a3c-4856-a5b6-0a335aab93ea",
          "title": "Check the Page Navigation",
          "fullFile": "",
          "file": "",
          "beforeHooks": [],
          "afterHooks": [],
          "tests": [
            {
              "title": "Handling home",
              "fullTitle": "Check the Page Navigation Handling home",
              "timedOut": null,
              "duration": 0,
              "state": "pending",
              "speed": null,
              "pass": false,
              "fail": false,
              "pending": true,
              "context": null,
              "code": "",
              "err": {},
              "uuid": "a0f87fd2-4c1f-4a48-abac-5bb655c89c19",
              "parentUUID": "530ca045-6a3c-4856-a5b6-0a335aab93ea",
              "isHook": false,
              "skipped": false
            },
            {
              "title": "Handling new Browser Window",
              "fullTitle": "Check the Page Navigation Handling new Browser Window",
              "timedOut": null,
              "duration": 0,
              "state": "pending",
              "speed": null,
              "pass": false,
              "fail": false,
              "pending": true,
              "context": null,
              "code": "",
              "err": {},
              "uuid": "5e4f656f-9dba-4ddd-a8c2-7ec390b35eb6",
              "parentUUID": "530ca045-6a3c-4856-a5b6-0a335aab93ea",
              "isHook": false,
              "skipped": false
            },
            {
              "title": "Verify Page title",
              "fullTitle": "Check the Page Navigation Verify Page title",
              "timedOut": null,
              "duration": 195,
              "state": "passed",
              "speed": "fast",
              "pass": true,
              "fail": false,
              "pending": false,
              "context": null,
              "code": "hp.getPageTitle().should('contains', 'Qualitest');",
              "err": {},
              "uuid": "2fc873a1-05a0-4b8a-9ff2-7d09cd5a21ca",
              "parentUUID": "530ca045-6a3c-4856-a5b6-0a335aab93ea",
              "isHook": false,
              "skipped": false
            },
            {
              "title": "visits to  the \"Solution\" page",
              "fullTitle": "Check the Page Navigation visits to  the \"Solution\" page",
              "timedOut": null,
              "duration": 1475,
              "state": "passed",
              "speed": "fast",
              "pass": true,
              "fail": false,
              "pending": false,
              "context": null,
              "code": "hp.navigateToSolutionsPage();",
              "err": {},
              "uuid": "127da158-7894-4e8d-b958-ef134bac8635",
              "parentUUID": "530ca045-6a3c-4856-a5b6-0a335aab93ea",
              "isHook": false,
              "skipped": false
            },
            {
              "title": "checks if \"About QA InfoTech\" is present on that page",
              "fullTitle": "Check the Page Navigation checks if \"About QA InfoTech\" is present on that page",
              "timedOut": null,
              "duration": 381,
              "state": "passed",
              "speed": "fast",
              "pass": true,
              "fail": false,
              "pending": false,
              "context": null,
              "code": "hp.checkContent().contains('Our Solutions');",
              "err": {},
              "uuid": "6081cc61-b7a9-4820-aa98-8466ad986211",
              "parentUUID": "530ca045-6a3c-4856-a5b6-0a335aab93ea",
              "isHook": false,
              "skipped": false
            }
          ],
          "suites": [],
          "passes": [
            "2fc873a1-05a0-4b8a-9ff2-7d09cd5a21ca",
            "127da158-7894-4e8d-b958-ef134bac8635",
            "6081cc61-b7a9-4820-aa98-8466ad986211"
          ],
          "failures": [],
          "pending": [
            "a0f87fd2-4c1f-4a48-abac-5bb655c89c19",
            "5e4f656f-9dba-4ddd-a8c2-7ec390b35eb6"
          ],
          "skipped": [],
          "duration": 2051,
          "root": false,
          "rootEmpty": false,
          "_timeout": 2000
        }
      ],
      "passes": [],
      "failures": [],
      "pending": [],
      "skipped": [],
      "duration": 0,
      "root": true,
      "rootEmpty": true,
      "_timeout": 2000
    }
  ],
  "meta": {
    "mocha": {
      "version": "7.0.1"
    },
    "mochawesome": {
      "options": {
        "quiet": false,
        "reportFilename": "mochawesome",
        "saveHtml": false,
        "saveJson": true,
        "consoleReporter": "spec",
        "useInlineDiffs": false,
        "code": true
      },
      "version": "7.0.1"
    },
    "marge": {
      "options": {
        "reportDir": "cypress/reports",
        "overwrite": false,
        "html": false,
        "json": true,
        "charts": "true"
      },
      "version": "6.0.1"
    }
  }
}