{
  "stats": {
    "suites": 1,
    "tests": 5,
    "passes": 4,
    "pending": 3,
    "failures": -2,
    "start": "2022-01-20T10:59:10.599Z",
    "end": "2022-01-20T10:59:42.949Z",
    "duration": 32350,
    "testsRegistered": 7,
    "passPercent": 100,
    "pendingPercent": 42.857142857142854,
    "other": 2,
    "hasOther": true,
    "skipped": 0,
    "hasSkipped": false
  },
  "results": [
    {
      "uuid": "96aca779-3291-4497-b52a-fb4ab884ef3b",
      "title": "",
      "fullFile": "cypress/integration/testcases/testcase_02.spec.js",
      "file": "cypress/integration/testcases/testcase_02.spec.js",
      "beforeHooks": [],
      "afterHooks": [],
      "tests": [],
      "suites": [
        {
          "uuid": "f4cb8f22-acd8-4d47-a7f7-b0bd8bec9eb3",
          "title": "Check the Page Navigation",
          "fullFile": "",
          "file": "",
          "beforeHooks": [],
          "afterHooks": [],
          "tests": [
            {
              "title": "Verify Page title",
              "fullTitle": "Check the Page Navigation Verify Page title",
              "timedOut": null,
              "duration": 10126,
              "state": "passed",
              "speed": "slow",
              "pass": true,
              "fail": false,
              "pending": false,
              "context": null,
              "code": "hp.getPageTitle().should('contains', 'QA');",
              "err": {},
              "uuid": "49be8ebc-2f57-43d8-ab4c-27d1048fdcd1",
              "parentUUID": "f4cb8f22-acd8-4d47-a7f7-b0bd8bec9eb3",
              "isHook": false,
              "skipped": false
            },
            {
              "title": "visits to \"SERVICES\" page",
              "fullTitle": "Check the Page Navigation visits to \"SERVICES\" page",
              "timedOut": null,
              "duration": 15094,
              "state": "passed",
              "speed": "slow",
              "pass": true,
              "fail": false,
              "pending": false,
              "context": null,
              "code": "hp.navigatetoServicesPage();",
              "err": {},
              "uuid": "fed7fbd9-b1bd-414c-9a9d-cae812300a09",
              "parentUUID": "f4cb8f22-acd8-4d47-a7f7-b0bd8bec9eb3",
              "isHook": false,
              "skipped": false
            },
            {
              "title": "checks if \"Functional Testing Services Overview\" is present on that page",
              "fullTitle": "Check the Page Navigation checks if \"Functional Testing Services Overview\" is present on that page",
              "timedOut": null,
              "duration": 216,
              "state": "passed",
              "speed": "fast",
              "pass": true,
              "fail": false,
              "pending": false,
              "context": null,
              "code": "hp.verifyTheContent().contains('Functional Testing Services Overview');",
              "err": {},
              "uuid": "c79a19f0-406e-4737-9953-6781181720d3",
              "parentUUID": "f4cb8f22-acd8-4d47-a7f7-b0bd8bec9eb3",
              "isHook": false,
              "skipped": false
            },
            {
              "title": "visits to \"SERVICES\" page",
              "fullTitle": "Check the Page Navigation visits to \"SERVICES\" page",
              "timedOut": null,
              "duration": 6768,
              "state": "passed",
              "speed": "medium",
              "pass": true,
              "fail": false,
              "pending": false,
              "context": null,
              "code": "hp.navigateToQuotePage();",
              "err": {},
              "uuid": "ae78260c-d24a-4be6-8bdd-461b34edc4b2",
              "parentUUID": "f4cb8f22-acd8-4d47-a7f7-b0bd8bec9eb3",
              "isHook": false,
              "skipped": false
            },
            {
              "title": "Gets the input field and inputs text",
              "fullTitle": "Check the Page Navigation Gets the input field and inputs text",
              "timedOut": null,
              "duration": 0,
              "state": "pending",
              "speed": null,
              "pass": false,
              "fail": false,
              "pending": true,
              "context": null,
              "code": "",
              "err": {},
              "uuid": "b4498fc9-c4a6-429d-b3c8-336b6ae76ad9",
              "parentUUID": "f4cb8f22-acd8-4d47-a7f7-b0bd8bec9eb3",
              "isHook": false,
              "skipped": false
            },
            {
              "title": "Select the location from drop down list",
              "fullTitle": "Check the Page Navigation Select the location from drop down list",
              "timedOut": null,
              "duration": 0,
              "state": "pending",
              "speed": null,
              "pass": false,
              "fail": false,
              "pending": true,
              "context": null,
              "code": "",
              "err": {},
              "uuid": "6e49ad40-eff1-4b99-8e10-a409462cffc9",
              "parentUUID": "f4cb8f22-acd8-4d47-a7f7-b0bd8bec9eb3",
              "isHook": false,
              "skipped": false
            },
            {
              "title": "checks if \"Request For Quote\" is present on that page",
              "fullTitle": "Check the Page Navigation checks if \"Request For Quote\" is present on that page",
              "timedOut": null,
              "duration": 0,
              "state": "pending",
              "speed": null,
              "pass": false,
              "fail": false,
              "pending": true,
              "context": null,
              "code": "",
              "err": {},
              "uuid": "e6203803-b1b5-4cad-92fe-ea4128e3cded",
              "parentUUID": "f4cb8f22-acd8-4d47-a7f7-b0bd8bec9eb3",
              "isHook": false,
              "skipped": false
            }
          ],
          "suites": [],
          "passes": [
            "49be8ebc-2f57-43d8-ab4c-27d1048fdcd1",
            "fed7fbd9-b1bd-414c-9a9d-cae812300a09",
            "c79a19f0-406e-4737-9953-6781181720d3",
            "ae78260c-d24a-4be6-8bdd-461b34edc4b2"
          ],
          "failures": [],
          "pending": [
            "b4498fc9-c4a6-429d-b3c8-336b6ae76ad9",
            "6e49ad40-eff1-4b99-8e10-a409462cffc9",
            "e6203803-b1b5-4cad-92fe-ea4128e3cded"
          ],
          "skipped": [],
          "duration": 32204,
          "root": false,
          "rootEmpty": false,
          "_timeout": 2000
        }
      ],
      "passes": [],
      "failures": [],
      "pending": [],
      "skipped": [],
      "duration": 0,
      "root": true,
      "rootEmpty": true,
      "_timeout": 2000
    }
  ],
  "meta": {
    "mocha": {
      "version": "7.0.1"
    },
    "mochawesome": {
      "options": {
        "quiet": false,
        "reportFilename": "mochawesome",
        "saveHtml": false,
        "saveJson": true,
        "consoleReporter": "spec",
        "useInlineDiffs": false,
        "code": true
      },
      "version": "7.0.1"
    },
    "marge": {
      "options": {
        "reportDir": "cypress/reports",
        "overwrite": false,
        "html": false,
        "json": true,
        "charts": "true"
      },
      "version": "6.0.1"
    }
  }
}