{
  "stats": {
    "suites": 1,
    "tests": 1,
    "passes": 0,
    "pending": 0,
    "failures": 1,
    "start": "2022-01-05T08:36:53.637Z",
    "end": "2022-01-05T08:37:53.975Z",
    "duration": 60338,
    "testsRegistered": 9,
    "passPercent": 0,
    "pendingPercent": 0,
    "other": 0,
    "hasOther": false,
    "skipped": 8,
    "hasSkipped": true
  },
  "results": [
    {
      "uuid": "43813c90-6201-41d5-8904-b2ab08d571d6",
      "title": "",
      "fullFile": "cypress/integration/testcases/firsttest.spec.js",
      "file": "cypress/integration/testcases/firsttest.spec.js",
      "beforeHooks": [],
      "afterHooks": [],
      "tests": [],
      "suites": [
        {
          "uuid": "9b5fc074-c836-4cac-ad4a-43094066692b",
          "title": "Check the Page Navigation",
          "fullFile": "",
          "file": "",
          "beforeHooks": [],
          "afterHooks": [],
          "tests": [
            {
              "title": "Verify Page title",
              "fullTitle": "Check the Page Navigation Verify Page title",
              "timedOut": null,
              "duration": 60243,
              "state": "failed",
              "speed": null,
              "pass": false,
              "fail": true,
              "pending": false,
              "context": null,
              "code": "cy.title().should('contains', 'QA');",
              "err": {
                "message": "CypressError: Timed out after waiting `60000ms` for your remote page to load.\n\nYour page did not fire its `load` event within `60000ms`.\n\nYou can try increasing the `pageLoadTimeout` value in `cypress.json` to wait longer.\n\nBrowsers will not fire the `load` event until all stylesheets and scripts are done downloading.\n\nWhen this `load` event occurs, Cypress will continue running commands.\n\nBecause this error occurred during a `before all` hook we are skipping the remaining tests in the current suite: `Check the Page Navigation`",
                "estack": "CypressError: Timed out after waiting `60000ms` for your remote page to load.\n\nYour page did not fire its `load` event within `60000ms`.\n\nYou can try increasing the `pageLoadTimeout` value in `cypress.json` to wait longer.\n\nBrowsers will not fire the `load` event until all stylesheets and scripts are done downloading.\n\nWhen this `load` event occurs, Cypress will continue running commands.\n\nBecause this error occurred during a `before all` hook we are skipping the remaining tests in the current suite: `Check the Page Navigation`\n    at timedOutWaitingForPageLoad (https://qainfotech.com/__cypress/runner/cypress_runner.js:157134:72)\n    at https://qainfotech.com/__cypress/runner/cypress_runner.js:158177:16\n    at tryCatcher (https://qainfotech.com/__cypress/runner/cypress_runner.js:13196:23)\n    at https://qainfotech.com/__cypress/runner/cypress_runner.js:8318:41\n    at tryCatcher (https://qainfotech.com/__cypress/runner/cypress_runner.js:13196:23)\n    at Promise._settlePromiseFromHandler (https://qainfotech.com/__cypress/runner/cypress_runner.js:11131:31)\n    at Promise._settlePromise (https://qainfotech.com/__cypress/runner/cypress_runner.js:11188:18)\n    at Promise._settlePromise0 (https://qainfotech.com/__cypress/runner/cypress_runner.js:11233:10)\n    at Promise._settlePromises (https://qainfotech.com/__cypress/runner/cypress_runner.js:11309:18)\n    at _drainQueueStep (https://qainfotech.com/__cypress/runner/cypress_runner.js:7903:12)\n    at _drainQueue (https://qainfotech.com/__cypress/runner/cypress_runner.js:7896:9)\n    at Async.../../node_modules/bluebird/js/release/async.js.Async._drainQueues (https://qainfotech.com/__cypress/runner/cypress_runner.js:7912:5)\n    at Async.drainQueues (https://qainfotech.com/__cypress/runner/cypress_runner.js:7782:14)\nFrom Your Spec Code:\n    at Context.eval (https://qainfotech.com/__cypress/tests?p=cypress\\integration\\testcases\\firsttest.spec.js:101:8)",
                "diff": null
              },
              "uuid": "184dc1a8-df5d-4ae8-8eda-60f3cf0b3eb8",
              "parentUUID": "9b5fc074-c836-4cac-ad4a-43094066692b",
              "isHook": false,
              "skipped": false
            },
            {
              "title": "visits to  the \"ABOUT\" page",
              "fullTitle": "Check the Page Navigation visits to  the \"ABOUT\" page",
              "timedOut": null,
              "duration": 0,
              "state": "skipped",
              "speed": null,
              "pass": false,
              "fail": false,
              "pending": false,
              "context": null,
              "code": "cy.get('.toggle-icon-open').click();\ncy.get('#cmm4e-menu-item-2123 > [href=\"#\"]').click();\ncy.get('#cmm4e-menu-item-13637 > .cmm4e-nav-link> .cmm4e-item-label').click();",
              "err": {},
              "uuid": "7d2df35c-214c-48f3-89e4-4eb3e182cfb4",
              "parentUUID": "9b5fc074-c836-4cac-ad4a-43094066692b",
              "isHook": false,
              "skipped": true
            },
            {
              "title": "checks if \"About QA InfoTech\" is present on that page",
              "fullTitle": "Check the Page Navigation checks if \"About QA InfoTech\" is present on that page",
              "timedOut": null,
              "duration": 0,
              "state": "skipped",
              "speed": null,
              "pass": false,
              "fail": false,
              "pending": false,
              "context": null,
              "code": "cy.contains('About QA InfoTech');",
              "err": {},
              "uuid": "dcf27660-d5df-4b30-bbd2-025fb4b83317",
              "parentUUID": "9b5fc074-c836-4cac-ad4a-43094066692b",
              "isHook": false,
              "skipped": true
            },
            {
              "title": "visits to \"SERVICES\" page",
              "fullTitle": "Check the Page Navigation visits to \"SERVICES\" page",
              "timedOut": null,
              "duration": 0,
              "state": "skipped",
              "speed": null,
              "pass": false,
              "fail": false,
              "pending": false,
              "context": null,
              "code": "cy.get('.toggle-icon-open').click();\ncy.get(' #cmm4e-menu-item-10382 > .cmm4e-nav-link > .cmm4e-item-label').click();\ncy.get('.elementor-element-2ac9006c > .elementor-widget-container > div > .header-ul > :nth-child(1) > .elementor-item').click();",
              "err": {},
              "uuid": "a1435657-0ec4-4d00-ade0-5503c87795ec",
              "parentUUID": "9b5fc074-c836-4cac-ad4a-43094066692b",
              "isHook": false,
              "skipped": true
            },
            {
              "title": "checks if \"Functional Testing Services Overview\" is present on that page",
              "fullTitle": "Check the Page Navigation checks if \"Functional Testing Services Overview\" is present on that page",
              "timedOut": null,
              "duration": 0,
              "state": "skipped",
              "speed": null,
              "pass": false,
              "fail": false,
              "pending": false,
              "context": null,
              "code": "cy.get('body').contains('Functional Testing Services Overview').then(() => {\n  console.log('123');\n});\ncy.log('abc');\nconsole.log('xxx');",
              "err": {},
              "uuid": "ec245354-535c-45fe-afe2-b968dc40af7d",
              "parentUUID": "9b5fc074-c836-4cac-ad4a-43094066692b",
              "isHook": false,
              "skipped": true
            },
            {
              "title": "Gets the input field and inputs text",
              "fullTitle": "Check the Page Navigation Gets the input field and inputs text",
              "timedOut": null,
              "duration": 0,
              "state": "skipped",
              "speed": null,
              "pass": false,
              "fail": false,
              "pending": false,
              "context": null,
              "code": "cy.get('#firstname-a1548b0e-b404-4da3-ad8c-873f62ff7bbd').type('abc');",
              "err": {},
              "uuid": "fcc6d07d-822b-46ba-83c0-35972628a66d",
              "parentUUID": "9b5fc074-c836-4cac-ad4a-43094066692b",
              "isHook": false,
              "skipped": true
            },
            {
              "title": "Select the location from drop down list",
              "fullTitle": "Check the Page Navigation Select the location from drop down list",
              "timedOut": null,
              "duration": 0,
              "state": "skipped",
              "speed": null,
              "pass": false,
              "fail": false,
              "pending": false,
              "context": null,
              "code": "cy.get('#location-a1548b0e-b404-4da3-ad8c-873f62ff7bbd').select('Asia');",
              "err": {},
              "uuid": "cf43eda3-d493-4fbd-aec8-8881ce07d275",
              "parentUUID": "9b5fc074-c836-4cac-ad4a-43094066692b",
              "isHook": false,
              "skipped": true
            },
            {
              "title": "visits to \"SERVICES\" page",
              "fullTitle": "Check the Page Navigation visits to \"SERVICES\" page",
              "timedOut": null,
              "duration": 0,
              "state": "skipped",
              "speed": null,
              "pass": false,
              "fail": false,
              "pending": false,
              "context": null,
              "code": "cy.get('.toggle-icon-open').click();\ncy.get(' .main-menu-quote').click();",
              "err": {},
              "uuid": "5abef29b-608c-47ce-a2d0-110b302e2f84",
              "parentUUID": "9b5fc074-c836-4cac-ad4a-43094066692b",
              "isHook": false,
              "skipped": true
            },
            {
              "title": "checks if \" Request For Quote\" is present on that page",
              "fullTitle": "Check the Page Navigation checks if \" Request For Quote\" is present on that page",
              "timedOut": null,
              "duration": 0,
              "state": "skipped",
              "speed": null,
              "pass": false,
              "fail": false,
              "pending": false,
              "context": null,
              "code": "cy.contains(' Request For Quote');",
              "err": {},
              "uuid": "3f092bea-539c-40f0-bce4-47306b685210",
              "parentUUID": "9b5fc074-c836-4cac-ad4a-43094066692b",
              "isHook": false,
              "skipped": true
            }
          ],
          "suites": [],
          "passes": [],
          "failures": [
            "184dc1a8-df5d-4ae8-8eda-60f3cf0b3eb8"
          ],
          "pending": [],
          "skipped": [
            "7d2df35c-214c-48f3-89e4-4eb3e182cfb4",
            "dcf27660-d5df-4b30-bbd2-025fb4b83317",
            "a1435657-0ec4-4d00-ade0-5503c87795ec",
            "ec245354-535c-45fe-afe2-b968dc40af7d",
            "fcc6d07d-822b-46ba-83c0-35972628a66d",
            "cf43eda3-d493-4fbd-aec8-8881ce07d275",
            "5abef29b-608c-47ce-a2d0-110b302e2f84",
            "3f092bea-539c-40f0-bce4-47306b685210"
          ],
          "duration": 60243,
          "root": false,
          "rootEmpty": false,
          "_timeout": 2000
        }
      ],
      "passes": [],
      "failures": [],
      "pending": [],
      "skipped": [],
      "duration": 0,
      "root": true,
      "rootEmpty": true,
      "_timeout": 2000
    }
  ],
  "meta": {
    "mocha": {
      "version": "7.0.1"
    },
    "mochawesome": {
      "options": {
        "quiet": false,
        "reportFilename": "mochawesome",
        "saveHtml": true,
        "saveJson": true,
        "consoleReporter": "spec",
        "useInlineDiffs": false,
        "code": true
      },
      "version": "7.0.1"
    },
    "marge": {
      "options": {
        "reportDir": "cypress/reports",
        "reportFileName": "testResult",
        "overwrite": "false",
        "html": "true",
        "json": "true",
        "charts": "true"
      },
      "version": "6.0.1"
    }
  }
}