{
  "stats": {
    "suites": 1,
    "tests": 3,
    "passes": 2,
    "pending": 2,
    "failures": -1,
    "start": "2022-04-26T15:14:05.397Z",
    "end": "2022-04-26T15:17:39.227Z",
    "duration": 213830,
    "testsRegistered": 5,
    "passPercent": 66.66666666666666,
    "pendingPercent": 40,
    "other": 2,
    "hasOther": true,
    "skipped": 0,
    "hasSkipped": false
  },
  "results": [
    {
      "uuid": "f150cfb5-ac9c-4751-a4ad-8adefae063a4",
      "title": "",
      "fullFile": "cypress/integration/testcases/testcase_01.spec.js",
      "file": "cypress/integration/testcases/testcase_01.spec.js",
      "beforeHooks": [],
      "afterHooks": [],
      "tests": [],
      "suites": [
        {
          "uuid": "9b311a0b-0078-4f36-a8a8-e0710cd0f555",
          "title": "Check the Page Navigation",
          "fullFile": "",
          "file": "",
          "beforeHooks": [],
          "afterHooks": [],
          "tests": [
            {
              "title": "Handling home",
              "fullTitle": "Check the Page Navigation Handling home",
              "timedOut": null,
              "duration": 0,
              "state": "pending",
              "speed": null,
              "pass": false,
              "fail": false,
              "pending": true,
              "context": null,
              "code": "",
              "err": {},
              "uuid": "c81b8eb7-a9e0-4730-b219-ca4af5baea7f",
              "parentUUID": "9b311a0b-0078-4f36-a8a8-e0710cd0f555",
              "isHook": false,
              "skipped": false
            },
            {
              "title": "Handling new Browser Window",
              "fullTitle": "Check the Page Navigation Handling new Browser Window",
              "timedOut": null,
              "duration": 0,
              "state": "pending",
              "speed": null,
              "pass": false,
              "fail": false,
              "pending": true,
              "context": null,
              "code": "",
              "err": {},
              "uuid": "baf40003-d6f6-472a-95d3-8fee42a2981a",
              "parentUUID": "9b311a0b-0078-4f36-a8a8-e0710cd0f555",
              "isHook": false,
              "skipped": false
            },
            {
              "title": "Verify Page title",
              "fullTitle": "Check the Page Navigation Verify Page title",
              "timedOut": null,
              "duration": 450,
              "state": "passed",
              "speed": "fast",
              "pass": true,
              "fail": false,
              "pending": false,
              "context": null,
              "code": "hp.getPageTitle().should('contains', 'Qualitest');",
              "err": {},
              "uuid": "0377aa2a-1b2a-421a-9c61-609d5d02bd88",
              "parentUUID": "9b311a0b-0078-4f36-a8a8-e0710cd0f555",
              "isHook": false,
              "skipped": false
            },
            {
              "title": "visits to  the \"Solution\" page",
              "fullTitle": "Check the Page Navigation visits to  the \"Solution\" page",
              "timedOut": null,
              "duration": 201512,
              "state": "failed",
              "speed": null,
              "pass": false,
              "fail": true,
              "pending": false,
              "context": null,
              "code": "hp.navigateToSolutionsPage();",
              "err": {
                "message": "AssertionError: Timed out retrying after 200000ms: Expected to find element: `#menu-item-673 > [href=\"#\"]`, but never found it.",
                "estack": "AssertionError: Timed out retrying after 200000ms: Expected to find element: `#menu-item-673 > [href=\"#\"]`, but never found it.\n    at homePage.navigateToSolutionsPage (https://qualitestgroup.com/__cypress/tests?p=cypress\\integration\\testcases\\testcase_01.spec.js:187:8)\n    at Context.eval (https://qualitestgroup.com/__cypress/tests?p=cypress\\integration\\testcases\\testcase_01.spec.js:264:8)",
                "diff": null
              },
              "uuid": "eede2d41-ecbd-412e-b449-cfafa3d33817",
              "parentUUID": "9b311a0b-0078-4f36-a8a8-e0710cd0f555",
              "isHook": false,
              "skipped": false
            },
            {
              "title": "checks if \"About QA InfoTech\" is present on that page",
              "fullTitle": "Check the Page Navigation checks if \"About QA InfoTech\" is present on that page",
              "timedOut": null,
              "duration": 271,
              "state": "passed",
              "speed": "fast",
              "pass": true,
              "fail": false,
              "pending": false,
              "context": null,
              "code": "hp.checkContent().contains('Our Solutions');",
              "err": {},
              "uuid": "25a98aa5-ddad-425e-8eb1-d4962632e710",
              "parentUUID": "9b311a0b-0078-4f36-a8a8-e0710cd0f555",
              "isHook": false,
              "skipped": false
            }
          ],
          "suites": [],
          "passes": [
            "0377aa2a-1b2a-421a-9c61-609d5d02bd88",
            "25a98aa5-ddad-425e-8eb1-d4962632e710"
          ],
          "failures": [
            "eede2d41-ecbd-412e-b449-cfafa3d33817"
          ],
          "pending": [
            "c81b8eb7-a9e0-4730-b219-ca4af5baea7f",
            "baf40003-d6f6-472a-95d3-8fee42a2981a"
          ],
          "skipped": [],
          "duration": 202233,
          "root": false,
          "rootEmpty": false,
          "_timeout": 2000
        }
      ],
      "passes": [],
      "failures": [],
      "pending": [],
      "skipped": [],
      "duration": 0,
      "root": true,
      "rootEmpty": true,
      "_timeout": 2000
    }
  ],
  "meta": {
    "mocha": {
      "version": "7.0.1"
    },
    "mochawesome": {
      "options": {
        "quiet": false,
        "reportFilename": "mochawesome",
        "saveHtml": false,
        "saveJson": true,
        "consoleReporter": "spec",
        "useInlineDiffs": false,
        "code": true
      },
      "version": "7.0.1"
    },
    "marge": {
      "options": {
        "reportDir": "cypress/reports",
        "overwrite": false,
        "html": false,
        "json": true,
        "charts": "true"
      },
      "version": "6.0.1"
    }
  }
}