{
  "stats": {
    "suites": 1,
    "tests": 3,
    "passes": 3,
    "pending": 0,
    "failures": 0,
    "start": "2022-01-20T10:58:28.915Z",
    "end": "2022-01-20T10:58:58.959Z",
    "duration": 30044,
    "testsRegistered": 3,
    "passPercent": 100,
    "pendingPercent": 0,
    "other": 0,
    "hasOther": false,
    "skipped": 0,
    "hasSkipped": false
  },
  "results": [
    {
      "uuid": "50a7d8b3-dfd2-4941-82df-ebba255df861",
      "title": "",
      "fullFile": "cypress/integration/testcases/testcase_01.spec.js",
      "file": "cypress/integration/testcases/testcase_01.spec.js",
      "beforeHooks": [],
      "afterHooks": [],
      "tests": [],
      "suites": [
        {
          "uuid": "a3a6b44b-e3e4-425a-81f9-9dffbe1ce3cc",
          "title": "Check the Page Navigation",
          "fullFile": "",
          "file": "",
          "beforeHooks": [],
          "afterHooks": [],
          "tests": [
            {
              "title": "Verify Page title",
              "fullTitle": "Check the Page Navigation Verify Page title",
              "timedOut": null,
              "duration": 16438,
              "state": "passed",
              "speed": "slow",
              "pass": true,
              "fail": false,
              "pending": false,
              "context": null,
              "code": "hp.getPageTitle().should('contains', 'QA');",
              "err": {},
              "uuid": "34ff5635-3a6d-4ead-8999-b28a74c9022c",
              "parentUUID": "a3a6b44b-e3e4-425a-81f9-9dffbe1ce3cc",
              "isHook": false,
              "skipped": false
            },
            {
              "title": "visits to  the \"ABOUT\" page",
              "fullTitle": "Check the Page Navigation visits to  the \"ABOUT\" page",
              "timedOut": null,
              "duration": 13111,
              "state": "passed",
              "speed": "slow",
              "pass": true,
              "fail": false,
              "pending": false,
              "context": null,
              "code": "hp.navigateToAboutPage();",
              "err": {},
              "uuid": "11ccd05b-0764-4fb1-9891-8787ebd7fd47",
              "parentUUID": "a3a6b44b-e3e4-425a-81f9-9dffbe1ce3cc",
              "isHook": false,
              "skipped": false
            },
            {
              "title": "checks if \"About QA InfoTech\" is present on that page",
              "fullTitle": "Check the Page Navigation checks if \"About QA InfoTech\" is present on that page",
              "timedOut": null,
              "duration": 360,
              "state": "passed",
              "speed": "fast",
              "pass": true,
              "fail": false,
              "pending": false,
              "context": null,
              "code": "hp.checkContent().contains('About QA InfoTech');",
              "err": {},
              "uuid": "ef5b5b6c-ede2-4e65-9497-71ef3780f3c3",
              "parentUUID": "a3a6b44b-e3e4-425a-81f9-9dffbe1ce3cc",
              "isHook": false,
              "skipped": false
            }
          ],
          "suites": [],
          "passes": [
            "34ff5635-3a6d-4ead-8999-b28a74c9022c",
            "11ccd05b-0764-4fb1-9891-8787ebd7fd47",
            "ef5b5b6c-ede2-4e65-9497-71ef3780f3c3"
          ],
          "failures": [],
          "pending": [],
          "skipped": [],
          "duration": 29909,
          "root": false,
          "rootEmpty": false,
          "_timeout": 2000
        }
      ],
      "passes": [],
      "failures": [],
      "pending": [],
      "skipped": [],
      "duration": 0,
      "root": true,
      "rootEmpty": true,
      "_timeout": 2000
    }
  ],
  "meta": {
    "mocha": {
      "version": "7.0.1"
    },
    "mochawesome": {
      "options": {
        "quiet": false,
        "reportFilename": "mochawesome",
        "saveHtml": false,
        "saveJson": true,
        "consoleReporter": "spec",
        "useInlineDiffs": false,
        "code": true
      },
      "version": "7.0.1"
    },
    "marge": {
      "options": {
        "reportDir": "cypress/reports",
        "overwrite": false,
        "html": false,
        "json": true,
        "charts": "true"
      },
      "version": "6.0.1"
    }
  }
}