{
  "stats": {
    "suites": 1,
    "tests": 1,
    "passes": 0,
    "pending": 0,
    "failures": 1,
    "start": "2022-01-20T13:55:14.979Z",
    "end": "2022-01-20T13:55:23.871Z",
    "duration": 8892,
    "testsRegistered": 7,
    "passPercent": 0,
    "pendingPercent": 0,
    "other": 0,
    "hasOther": false,
    "skipped": 0,
    "hasSkipped": false
  },
  "results": [
    {
      "uuid": "b1154966-13d3-4596-9f13-9cb9111a50c6",
      "title": "",
      "fullFile": "cypress/integration/testcases/testcase_02.spec.js",
      "file": "cypress/integration/testcases/testcase_02.spec.js",
      "beforeHooks": [],
      "afterHooks": [],
      "tests": [],
      "suites": [
        {
          "uuid": "2e92095a-e01e-4807-87c6-10bbdd81d19b",
          "title": "Check the Page Navigation",
          "fullFile": "",
          "file": "",
          "beforeHooks": [],
          "afterHooks": [],
          "tests": [
            {
              "title": "Verify Page title",
              "fullTitle": "Check the Page Navigation Verify Page title",
              "timedOut": null,
              "duration": 8684,
              "state": "failed",
              "speed": null,
              "pass": false,
              "fail": true,
              "pending": true,
              "context": null,
              "code": "",
              "err": {
                "message": "CypressError: `cy.visit()` failed because you are attempting to visit a URL that is of a different origin.\n\nThe new URL is considered a different origin because the following parts of the URL are different:\n\n  > superdomain\n\nYou may only `cy.visit()` same-origin URLs within a single test.\n\nThe previous URL you visited was:\n\n  > 'https://qainfotech.com'\n\nYou're attempting to visit this URL:\n\n  > 'https://www.youtube.com'\n\nYou may need to restructure some of your test code to avoid this problem.\n\nhttps://on.cypress.io/cannot-visit-different-origin-domain\n\nBecause this error occurred during a `before all` hook we are skipping the remaining tests in the current suite: `Check the Page Navigation`",
                "estack": "CypressError: `cy.visit()` failed because you are attempting to visit a URL that is of a different origin.\n\nThe new URL is considered a different origin because the following parts of the URL are different:\n\n  > superdomain\n\nYou may only `cy.visit()` same-origin URLs within a single test.\n\nThe previous URL you visited was:\n\n  > 'https://qainfotech.com'\n\nYou're attempting to visit this URL:\n\n  > 'https://www.youtube.com'\n\nYou may need to restructure some of your test code to avoid this problem.\n\nhttps://on.cypress.io/cannot-visit-different-origin-domain\n\nBecause this error occurred during a `before all` hook we are skipping the remaining tests in the current suite: `Check the Page Navigation`\n    at cannotVisitDifferentOrigin (https://qainfotech.com/__cypress/runner/cypress_runner.js:157297:72)\n    at go (https://qainfotech.com/__cypress/runner/cypress_runner.js:158123:18)\n    at visit (https://qainfotech.com/__cypress/runner/cypress_runner.js:158311:16)\n    at Context.visit (https://qainfotech.com/__cypress/runner/cypress_runner.js:158314:14)\nFrom Your Spec Code:\n    at homePage.visit (https://qainfotech.com/__cypress/tests?p=cypress\\integration\\testcases\\testcase_02.spec.js:140:8)\n    at Context.eval (https://qainfotech.com/__cypress/tests?p=cypress\\integration\\testcases\\testcase_02.spec.js:237:8)",
                "diff": null
              },
              "uuid": "4a97d43f-4ab7-44dc-8e99-d98f712a7aa5",
              "parentUUID": "2e92095a-e01e-4807-87c6-10bbdd81d19b",
              "isHook": false,
              "skipped": false
            },
            {
              "title": "visits to \"SERVICES\" page",
              "fullTitle": "Check the Page Navigation visits to \"SERVICES\" page",
              "timedOut": null,
              "duration": 0,
              "state": "skipped",
              "speed": null,
              "pass": false,
              "fail": false,
              "pending": true,
              "context": null,
              "code": "",
              "err": {},
              "uuid": "b89426ac-3fa5-41b5-ba08-9b6655b3605b",
              "parentUUID": "2e92095a-e01e-4807-87c6-10bbdd81d19b",
              "isHook": false,
              "skipped": false
            },
            {
              "title": "checks if \"Functional Testing Services Overview\" is present on that page",
              "fullTitle": "Check the Page Navigation checks if \"Functional Testing Services Overview\" is present on that page",
              "timedOut": null,
              "duration": 0,
              "state": "skipped",
              "speed": null,
              "pass": false,
              "fail": false,
              "pending": true,
              "context": null,
              "code": "",
              "err": {},
              "uuid": "cced573b-5561-4c8f-b18f-d4ab2a4ff864",
              "parentUUID": "2e92095a-e01e-4807-87c6-10bbdd81d19b",
              "isHook": false,
              "skipped": false
            },
            {
              "title": "visits to \"SERVICES\" page",
              "fullTitle": "Check the Page Navigation visits to \"SERVICES\" page",
              "timedOut": null,
              "duration": 0,
              "state": "skipped",
              "speed": null,
              "pass": false,
              "fail": false,
              "pending": true,
              "context": null,
              "code": "",
              "err": {},
              "uuid": "1184c09b-cc39-44a9-ab13-7f3a44677f44",
              "parentUUID": "2e92095a-e01e-4807-87c6-10bbdd81d19b",
              "isHook": false,
              "skipped": false
            },
            {
              "title": "Gets the input field and inputs text",
              "fullTitle": "Check the Page Navigation Gets the input field and inputs text",
              "timedOut": null,
              "duration": 0,
              "state": "skipped",
              "speed": null,
              "pass": false,
              "fail": false,
              "pending": true,
              "context": null,
              "code": "",
              "err": {},
              "uuid": "e8c2b308-c600-4022-8ea2-434db6d394f8",
              "parentUUID": "2e92095a-e01e-4807-87c6-10bbdd81d19b",
              "isHook": false,
              "skipped": false
            },
            {
              "title": "Select the location from drop down list",
              "fullTitle": "Check the Page Navigation Select the location from drop down list",
              "timedOut": null,
              "duration": 0,
              "state": "skipped",
              "speed": null,
              "pass": false,
              "fail": false,
              "pending": true,
              "context": null,
              "code": "",
              "err": {},
              "uuid": "087a1bd9-8dc0-46df-b1af-2b2e0dc3e066",
              "parentUUID": "2e92095a-e01e-4807-87c6-10bbdd81d19b",
              "isHook": false,
              "skipped": false
            },
            {
              "title": "checks if \"Request For Quote\" is present on that page",
              "fullTitle": "Check the Page Navigation checks if \"Request For Quote\" is present on that page",
              "timedOut": null,
              "duration": 0,
              "state": "skipped",
              "speed": null,
              "pass": false,
              "fail": false,
              "pending": true,
              "context": null,
              "code": "",
              "err": {},
              "uuid": "efdbbef2-2584-4ce1-a439-0467f64dd2d6",
              "parentUUID": "2e92095a-e01e-4807-87c6-10bbdd81d19b",
              "isHook": false,
              "skipped": false
            }
          ],
          "suites": [],
          "passes": [],
          "failures": [
            "4a97d43f-4ab7-44dc-8e99-d98f712a7aa5"
          ],
          "pending": [
            "4a97d43f-4ab7-44dc-8e99-d98f712a7aa5",
            "b89426ac-3fa5-41b5-ba08-9b6655b3605b",
            "cced573b-5561-4c8f-b18f-d4ab2a4ff864",
            "1184c09b-cc39-44a9-ab13-7f3a44677f44",
            "e8c2b308-c600-4022-8ea2-434db6d394f8",
            "087a1bd9-8dc0-46df-b1af-2b2e0dc3e066",
            "efdbbef2-2584-4ce1-a439-0467f64dd2d6"
          ],
          "skipped": [],
          "duration": 8684,
          "root": false,
          "rootEmpty": false,
          "_timeout": 2000
        }
      ],
      "passes": [],
      "failures": [],
      "pending": [],
      "skipped": [],
      "duration": 0,
      "root": true,
      "rootEmpty": true,
      "_timeout": 2000
    }
  ],
  "meta": {
    "mocha": {
      "version": "7.0.1"
    },
    "mochawesome": {
      "options": {
        "quiet": false,
        "reportFilename": "mochawesome",
        "saveHtml": false,
        "saveJson": true,
        "consoleReporter": "spec",
        "useInlineDiffs": false,
        "code": true
      },
      "version": "7.0.1"
    },
    "marge": {
      "options": {
        "reportDir": "cypress/reports",
        "overwrite": false,
        "html": false,
        "json": true,
        "charts": "true"
      },
      "version": "6.0.1"
    }
  }
}