{
  "stats": {
    "suites": 1,
    "tests": 9,
    "passes": 9,
    "pending": 0,
    "failures": 0,
    "start": "2022-01-17T07:47:23.259Z",
    "end": "2022-01-17T07:48:00.566Z",
    "duration": 37307,
    "testsRegistered": 9,
    "passPercent": 100,
    "pendingPercent": 0,
    "other": 0,
    "hasOther": false,
    "skipped": 0,
    "hasSkipped": false
  },
  "results": [
    {
      "uuid": "eb06cc99-dd50-4931-b6be-a51cb184ca45",
      "title": "",
      "fullFile": "cypress/integration/testcases/testcase_01.spec.js",
      "file": "cypress/integration/testcases/testcase_01.spec.js",
      "beforeHooks": [],
      "afterHooks": [],
      "tests": [],
      "suites": [
        {
          "uuid": "e877c4fa-69bc-4124-8921-1ac6881d9aae",
          "title": "Check the Page Navigation",
          "fullFile": "",
          "file": "",
          "beforeHooks": [],
          "afterHooks": [],
          "tests": [
            {
              "title": "Verify Page title",
              "fullTitle": "Check the Page Navigation Verify Page title",
              "timedOut": null,
              "duration": 13774,
              "state": "passed",
              "speed": "slow",
              "pass": true,
              "fail": false,
              "pending": false,
              "context": null,
              "code": "hp.getPageTitle().should('contains', 'QA');",
              "err": {},
              "uuid": "7cd2e149-5462-4cc3-97ed-b6fa70f9d3f1",
              "parentUUID": "e877c4fa-69bc-4124-8921-1ac6881d9aae",
              "isHook": false,
              "skipped": false
            },
            {
              "title": "visits to  the \"ABOUT\" page",
              "fullTitle": "Check the Page Navigation visits to  the \"ABOUT\" page",
              "timedOut": null,
              "duration": 8596,
              "state": "passed",
              "speed": "medium",
              "pass": true,
              "fail": false,
              "pending": false,
              "context": null,
              "code": "hp.navigateToAboutPage();",
              "err": {},
              "uuid": "489817d6-24e9-4689-a501-98cdf3b4ea9f",
              "parentUUID": "e877c4fa-69bc-4124-8921-1ac6881d9aae",
              "isHook": false,
              "skipped": false
            },
            {
              "title": "checks if \"About QA InfoTech\" is present on that page",
              "fullTitle": "Check the Page Navigation checks if \"About QA InfoTech\" is present on that page",
              "timedOut": null,
              "duration": 120,
              "state": "passed",
              "speed": "fast",
              "pass": true,
              "fail": false,
              "pending": false,
              "context": null,
              "code": "hp.checkContent().contains('About QA InfoTech');",
              "err": {},
              "uuid": "116ef8e6-0f4d-48bd-af54-5b2be69d21d6",
              "parentUUID": "e877c4fa-69bc-4124-8921-1ac6881d9aae",
              "isHook": false,
              "skipped": false
            },
            {
              "title": "visits to \"SERVICES\" page",
              "fullTitle": "Check the Page Navigation visits to \"SERVICES\" page",
              "timedOut": null,
              "duration": 7947,
              "state": "passed",
              "speed": "medium",
              "pass": true,
              "fail": false,
              "pending": false,
              "context": null,
              "code": "hp.navigatetoServicesPage();",
              "err": {},
              "uuid": "76d21106-703c-4b68-aa8f-7e60914e507a",
              "parentUUID": "e877c4fa-69bc-4124-8921-1ac6881d9aae",
              "isHook": false,
              "skipped": false
            },
            {
              "title": "checks if \"Functional Testing Services Overview\" is present on that page",
              "fullTitle": "Check the Page Navigation checks if \"Functional Testing Services Overview\" is present on that page",
              "timedOut": null,
              "duration": 120,
              "state": "passed",
              "speed": "fast",
              "pass": true,
              "fail": false,
              "pending": false,
              "context": null,
              "code": "hp.verifyTheContent().contains('Functional Testing Services Overview');",
              "err": {},
              "uuid": "40aca412-58f8-431d-9d1a-afc702026fcb",
              "parentUUID": "e877c4fa-69bc-4124-8921-1ac6881d9aae",
              "isHook": false,
              "skipped": false
            },
            {
              "title": "visits to \"SERVICES\" page",
              "fullTitle": "Check the Page Navigation visits to \"SERVICES\" page",
              "timedOut": null,
              "duration": 5616,
              "state": "passed",
              "speed": "medium",
              "pass": true,
              "fail": false,
              "pending": false,
              "context": null,
              "code": "hp.navigateToQuotePage();",
              "err": {},
              "uuid": "7ac8847b-fede-40d5-9b04-cd054554ff46",
              "parentUUID": "e877c4fa-69bc-4124-8921-1ac6881d9aae",
              "isHook": false,
              "skipped": false
            },
            {
              "title": "Gets the input field and inputs text",
              "fullTitle": "Check the Page Navigation Gets the input field and inputs text",
              "timedOut": null,
              "duration": 661,
              "state": "passed",
              "speed": "fast",
              "pass": true,
              "fail": false,
              "pending": false,
              "context": null,
              "code": "hp.entersTheName(data.firstName, data.lastName);",
              "err": {},
              "uuid": "3de6daea-739c-42d6-94ed-f206c8804319",
              "parentUUID": "e877c4fa-69bc-4124-8921-1ac6881d9aae",
              "isHook": false,
              "skipped": false
            },
            {
              "title": "Select the location from drop down list",
              "fullTitle": "Check the Page Navigation Select the location from drop down list",
              "timedOut": null,
              "duration": 278,
              "state": "passed",
              "speed": "fast",
              "pass": true,
              "fail": false,
              "pending": false,
              "context": null,
              "code": "hp.selectFromDropDownList(data.location);",
              "err": {},
              "uuid": "da6bef8a-5627-411f-b40e-b4a27badfb1f",
              "parentUUID": "e877c4fa-69bc-4124-8921-1ac6881d9aae",
              "isHook": false,
              "skipped": false
            },
            {
              "title": "checks if \"Request For Quote\" is present on that page",
              "fullTitle": "Check the Page Navigation checks if \"Request For Quote\" is present on that page",
              "timedOut": null,
              "duration": 33,
              "state": "passed",
              "speed": "fast",
              "pass": true,
              "fail": false,
              "pending": false,
              "context": null,
              "code": "hp.checkThecontent().contains('Request For Quote');",
              "err": {},
              "uuid": "db8a1177-df5b-41bc-81d8-932b11b307c5",
              "parentUUID": "e877c4fa-69bc-4124-8921-1ac6881d9aae",
              "isHook": false,
              "skipped": false
            }
          ],
          "suites": [],
          "passes": [
            "7cd2e149-5462-4cc3-97ed-b6fa70f9d3f1",
            "489817d6-24e9-4689-a501-98cdf3b4ea9f",
            "116ef8e6-0f4d-48bd-af54-5b2be69d21d6",
            "76d21106-703c-4b68-aa8f-7e60914e507a",
            "40aca412-58f8-431d-9d1a-afc702026fcb",
            "7ac8847b-fede-40d5-9b04-cd054554ff46",
            "3de6daea-739c-42d6-94ed-f206c8804319",
            "da6bef8a-5627-411f-b40e-b4a27badfb1f",
            "db8a1177-df5b-41bc-81d8-932b11b307c5"
          ],
          "failures": [],
          "pending": [],
          "skipped": [],
          "duration": 37145,
          "root": false,
          "rootEmpty": false,
          "_timeout": 2000
        }
      ],
      "passes": [],
      "failures": [],
      "pending": [],
      "skipped": [],
      "duration": 0,
      "root": true,
      "rootEmpty": true,
      "_timeout": 2000
    }
  ],
  "meta": {
    "mocha": {
      "version": "7.0.1"
    },
    "mochawesome": {
      "options": {
        "quiet": false,
        "reportFilename": "mochawesome",
        "saveHtml": false,
        "saveJson": true,
        "consoleReporter": "spec",
        "useInlineDiffs": false,
        "code": true
      },
      "version": "7.0.1"
    },
    "marge": {
      "options": {
        "reportDir": "cypress/reports",
        "overwrite": false,
        "html": false,
        "json": true,
        "charts": "true"
      },
      "version": "6.0.1"
    }
  }
}