{
  "stats": {
    "suites": 1,
    "tests": 1,
    "passes": 1,
    "pending": 0,
    "failures": 0,
    "start": "2022-04-26T15:07:51.557Z",
    "end": "2022-04-26T15:07:56.924Z",
    "duration": 5367,
    "testsRegistered": 1,
    "passPercent": 100,
    "pendingPercent": 0,
    "other": 0,
    "hasOther": false,
    "skipped": 0,
    "hasSkipped": false
  },
  "results": [
    {
      "uuid": "38bd0e70-2063-4200-99e9-43ff7efb2f1c",
      "title": "",
      "fullFile": "cypress/integration/testcases/callApi1.spec.js",
      "file": "cypress/integration/testcases/callApi1.spec.js",
      "beforeHooks": [],
      "afterHooks": [],
      "tests": [],
      "suites": [
        {
          "uuid": "ad12f251-1637-4f18-aed6-5ef0fa61e53f",
          "title": "Cypress API services",
          "fullFile": "",
          "file": "",
          "beforeHooks": [],
          "afterHooks": [],
          "tests": [
            {
              "title": "getting plaid information",
              "fullTitle": "Cypress API services getting plaid information",
              "timedOut": null,
              "duration": 5296,
              "state": "passed",
              "speed": "medium",
              "pass": true,
              "fail": false,
              "pending": false,
              "context": null,
              "code": "const login = await (0, _cypressPromise.default)(cy.api({\n  method: 'POST',\n  url: 'https://api.nightly.futurefuel.io/api/1/auth/login',\n  //body: data,\n  body: {\n    email: data.email,\n    password: data.password\n  },\n  headers: {\n    'Content-Type': 'application/json'\n  }\n}).then(response => response.login));\nexpect(login).to.have.property('status', 200);\nexpect(login.body).to.not.be.null; //Write Unique ID to a fixture file\ncy.writeFile('cypress/fixtures/resData.json', {\n  \"response\": login.body\n});",
              "err": {},
              "uuid": "06ecbe04-1269-438b-a98d-169665331025",
              "parentUUID": "ad12f251-1637-4f18-aed6-5ef0fa61e53f",
              "isHook": false,
              "skipped": false
            }
          ],
          "suites": [],
          "passes": [
            "06ecbe04-1269-438b-a98d-169665331025"
          ],
          "failures": [],
          "pending": [],
          "skipped": [],
          "duration": 5296,
          "root": false,
          "rootEmpty": false,
          "_timeout": 2000
        }
      ],
      "passes": [],
      "failures": [],
      "pending": [],
      "skipped": [],
      "duration": 0,
      "root": true,
      "rootEmpty": true,
      "_timeout": 2000
    }
  ],
  "meta": {
    "mocha": {
      "version": "7.0.1"
    },
    "mochawesome": {
      "options": {
        "quiet": false,
        "reportFilename": "mochawesome",
        "saveHtml": false,
        "saveJson": true,
        "consoleReporter": "spec",
        "useInlineDiffs": false,
        "code": true
      },
      "version": "7.0.1"
    },
    "marge": {
      "options": {
        "reportDir": "cypress/reports",
        "overwrite": false,
        "html": false,
        "json": true,
        "charts": "true"
      },
      "version": "6.0.1"
    }
  }
}