{
  "stats": {
    "suites": 1,
    "tests": 9,
    "passes": 9,
    "pending": 0,
    "failures": 0,
    "start": "2021-12-09T09:22:41.951Z",
    "end": "2021-12-09T09:23:11.293Z",
    "duration": 29342,
    "testsRegistered": 9,
    "passPercent": 100,
    "pendingPercent": 0,
    "other": 0,
    "hasOther": false,
    "skipped": 0,
    "hasSkipped": false
  },
  "results": [
    {
      "uuid": "025d05e3-657f-4a01-990c-e254599f53b6",
      "title": "",
      "fullFile": "cypress/integration/testcases/firsttest.spec.js",
      "file": "cypress/integration/testcases/firsttest.spec.js",
      "beforeHooks": [],
      "afterHooks": [],
      "tests": [],
      "suites": [
        {
          "uuid": "9d0531a7-ff2a-40fa-85f5-ec20cc74f112",
          "title": "Check the Page Navigation",
          "fullFile": "",
          "file": "",
          "beforeHooks": [],
          "afterHooks": [],
          "tests": [
            {
              "title": "Verify Page title",
              "fullTitle": "Check the Page Navigation Verify Page title",
              "timedOut": null,
              "duration": 11162,
              "state": "passed",
              "speed": "slow",
              "pass": true,
              "fail": false,
              "pending": false,
              "context": null,
              "code": "cy.title().should('contains', 'QA');",
              "err": {},
              "uuid": "06cd50a2-b81d-4cbe-8134-991d74f05a38",
              "parentUUID": "9d0531a7-ff2a-40fa-85f5-ec20cc74f112",
              "isHook": false,
              "skipped": false
            },
            {
              "title": "visits to  the \"ABOUT\" page",
              "fullTitle": "Check the Page Navigation visits to  the \"ABOUT\" page",
              "timedOut": null,
              "duration": 6655,
              "state": "passed",
              "speed": "medium",
              "pass": true,
              "fail": false,
              "pending": false,
              "context": null,
              "code": "cy.get('.toggle-icon-open').click();\ncy.get('#cmm4e-menu-item-2123 > [href=\"#\"]').click();\ncy.get('#cmm4e-menu-item-13637 > .cmm4e-nav-link> .cmm4e-item-label').click();",
              "err": {},
              "uuid": "5e6970ef-bc11-4698-bc48-18af34edc37e",
              "parentUUID": "9d0531a7-ff2a-40fa-85f5-ec20cc74f112",
              "isHook": false,
              "skipped": false
            },
            {
              "title": "checks if \"About QA InfoTech\" is present on that page",
              "fullTitle": "Check the Page Navigation checks if \"About QA InfoTech\" is present on that page",
              "timedOut": null,
              "duration": 110,
              "state": "passed",
              "speed": "fast",
              "pass": true,
              "fail": false,
              "pending": false,
              "context": null,
              "code": "cy.contains('About QA InfoTech');",
              "err": {},
              "uuid": "00d9fd88-8dcc-42b0-9d24-e0bb73a13fa9",
              "parentUUID": "9d0531a7-ff2a-40fa-85f5-ec20cc74f112",
              "isHook": false,
              "skipped": false
            },
            {
              "title": "visits to \"SERVICES\" page",
              "fullTitle": "Check the Page Navigation visits to \"SERVICES\" page",
              "timedOut": null,
              "duration": 5336,
              "state": "passed",
              "speed": "medium",
              "pass": true,
              "fail": false,
              "pending": false,
              "context": null,
              "code": "cy.get('.toggle-icon-open').click();\ncy.get(' #cmm4e-menu-item-10382 > .cmm4e-nav-link > .cmm4e-item-label').click();\ncy.get('.elementor-element-2ac9006c > .elementor-widget-container > div > .header-ul > :nth-child(1) > .elementor-item').click();",
              "err": {},
              "uuid": "28ea2322-3e5d-4ed0-9dcb-7ee32a2bf2b8",
              "parentUUID": "9d0531a7-ff2a-40fa-85f5-ec20cc74f112",
              "isHook": false,
              "skipped": false
            },
            {
              "title": "checks if \"Functional Testing Services Overview\" is present on that page",
              "fullTitle": "Check the Page Navigation checks if \"Functional Testing Services Overview\" is present on that page",
              "timedOut": null,
              "duration": 74,
              "state": "passed",
              "speed": "fast",
              "pass": true,
              "fail": false,
              "pending": false,
              "context": null,
              "code": "cy.contains('Functional Testing Services Overview');",
              "err": {},
              "uuid": "e8c2e7f0-7bb9-49a3-a1eb-5e35e00acef6",
              "parentUUID": "9d0531a7-ff2a-40fa-85f5-ec20cc74f112",
              "isHook": false,
              "skipped": false
            },
            {
              "title": "Gets the input field and inputs text",
              "fullTitle": "Check the Page Navigation Gets the input field and inputs text",
              "timedOut": null,
              "duration": 228,
              "state": "passed",
              "speed": "fast",
              "pass": true,
              "fail": false,
              "pending": false,
              "context": null,
              "code": "cy.get('#firstname-a1548b0e-b404-4da3-ad8c-873f62ff7bbd').type('abc');",
              "err": {},
              "uuid": "5b8651aa-d609-49b0-ae63-cb88cb97cd65",
              "parentUUID": "9d0531a7-ff2a-40fa-85f5-ec20cc74f112",
              "isHook": false,
              "skipped": false
            },
            {
              "title": "Select the location from drop down list",
              "fullTitle": "Check the Page Navigation Select the location from drop down list",
              "timedOut": null,
              "duration": 202,
              "state": "passed",
              "speed": "fast",
              "pass": true,
              "fail": false,
              "pending": false,
              "context": null,
              "code": "cy.get('#location-a1548b0e-b404-4da3-ad8c-873f62ff7bbd').select('Asia');",
              "err": {},
              "uuid": "2fd99d91-e1cc-4a6e-b5b3-6ef69c56e8d0",
              "parentUUID": "9d0531a7-ff2a-40fa-85f5-ec20cc74f112",
              "isHook": false,
              "skipped": false
            },
            {
              "title": "visits to \"SERVICES\" page",
              "fullTitle": "Check the Page Navigation visits to \"SERVICES\" page",
              "timedOut": null,
              "duration": 5392,
              "state": "passed",
              "speed": "medium",
              "pass": true,
              "fail": false,
              "pending": false,
              "context": null,
              "code": "cy.get('.toggle-icon-open').click();\ncy.get(' .main-menu-quote').click();",
              "err": {},
              "uuid": "1ac48bc4-e193-4543-9abd-29ea8d34de48",
              "parentUUID": "9d0531a7-ff2a-40fa-85f5-ec20cc74f112",
              "isHook": false,
              "skipped": false
            },
            {
              "title": "checks if \" Request For Quote\" is present on that page",
              "fullTitle": "Check the Page Navigation checks if \" Request For Quote\" is present on that page",
              "timedOut": null,
              "duration": 79,
              "state": "passed",
              "speed": "fast",
              "pass": true,
              "fail": false,
              "pending": false,
              "context": null,
              "code": "cy.contains(' Request For Quote');",
              "err": {},
              "uuid": "347a53f3-7ea0-4d4a-9250-48cd28f28743",
              "parentUUID": "9d0531a7-ff2a-40fa-85f5-ec20cc74f112",
              "isHook": false,
              "skipped": false
            }
          ],
          "suites": [],
          "passes": [
            "06cd50a2-b81d-4cbe-8134-991d74f05a38",
            "5e6970ef-bc11-4698-bc48-18af34edc37e",
            "00d9fd88-8dcc-42b0-9d24-e0bb73a13fa9",
            "28ea2322-3e5d-4ed0-9dcb-7ee32a2bf2b8",
            "e8c2e7f0-7bb9-49a3-a1eb-5e35e00acef6",
            "5b8651aa-d609-49b0-ae63-cb88cb97cd65",
            "2fd99d91-e1cc-4a6e-b5b3-6ef69c56e8d0",
            "1ac48bc4-e193-4543-9abd-29ea8d34de48",
            "347a53f3-7ea0-4d4a-9250-48cd28f28743"
          ],
          "failures": [],
          "pending": [],
          "skipped": [],
          "duration": 29238,
          "root": false,
          "rootEmpty": false,
          "_timeout": 2000
        }
      ],
      "passes": [],
      "failures": [],
      "pending": [],
      "skipped": [],
      "duration": 0,
      "root": true,
      "rootEmpty": true,
      "_timeout": 2000
    }
  ],
  "meta": {
    "mocha": {
      "version": "7.0.1"
    },
    "mochawesome": {
      "options": {
        "quiet": false,
        "reportFilename": "mochawesome",
        "saveHtml": true,
        "saveJson": true,
        "consoleReporter": "spec",
        "useInlineDiffs": false,
        "code": true
      },
      "version": "7.0.1"
    },
    "marge": {
      "options": {
        "reportDir": "cypress/reports",
        "reportFileName": "testResult",
        "overwrite": "false",
        "html": "true",
        "json": "true",
        "charts": "true"
      },
      "version": "6.0.1"
    }
  }
}