{
  "stats": {
    "suites": 1,
    "tests": 1,
    "passes": 0,
    "pending": 0,
    "failures": 1,
    "start": "2022-01-11T06:24:10.116Z",
    "end": "2022-01-11T06:25:10.727Z",
    "duration": 60611,
    "testsRegistered": 1,
    "passPercent": 0,
    "pendingPercent": 0,
    "other": 0,
    "hasOther": false,
    "skipped": 0,
    "hasSkipped": false
  },
  "results": [
    {
      "uuid": "d0ae118f-fe18-41a6-be38-7124e5bfac05",
      "title": "",
      "fullFile": "cypress/integration/testcases/testcase_01.spec.js",
      "file": "cypress/integration/testcases/testcase_01.spec.js",
      "beforeHooks": [],
      "afterHooks": [],
      "tests": [],
      "suites": [
        {
          "uuid": "727ec0fd-59d9-489c-bc02-b5cefe867fb9",
          "title": "Check the Page Navigation",
          "fullFile": "",
          "file": "",
          "beforeHooks": [],
          "afterHooks": [],
          "tests": [
            {
              "title": "Verify Page title",
              "fullTitle": "Check the Page Navigation Verify Page title",
              "timedOut": null,
              "duration": 60412,
              "state": "failed",
              "speed": null,
              "pass": false,
              "fail": true,
              "pending": false,
              "context": null,
              "code": "hp.getPageTitle().should('contains', 'QA');",
              "err": {
                "message": "CypressError: Timed out after waiting `60000ms` for your remote page to load.\n\nYour page did not fire its `load` event within `60000ms`.\n\nYou can try increasing the `pageLoadTimeout` value in `C:\\Users\\Khyati.rani\\Desktop\\CypressLearning\\cypress.json` to wait longer.\n\nBrowsers will not fire the `load` event until all stylesheets and scripts are done downloading.\n\nWhen this `load` event occurs, Cypress will continue running commands.\n\nBecause this error occurred during a `before all` hook we are skipping the remaining tests in the current suite: `Check the Page Navigation`",
                "estack": "CypressError: Timed out after waiting `60000ms` for your remote page to load.\n\nYour page did not fire its `load` event within `60000ms`.\n\nYou can try increasing the `pageLoadTimeout` value in `C:\\Users\\Khyati.rani\\Desktop\\CypressLearning\\cypress.json` to wait longer.\n\nBrowsers will not fire the `load` event until all stylesheets and scripts are done downloading.\n\nWhen this `load` event occurs, Cypress will continue running commands.\n\nBecause this error occurred during a `before all` hook we are skipping the remaining tests in the current suite: `Check the Page Navigation`\n    at timedOutWaitingForPageLoad (https://qainfotech.com/__cypress/runner/cypress_runner.js:157134:72)\n    at https://qainfotech.com/__cypress/runner/cypress_runner.js:158177:16\n    at tryCatcher (https://qainfotech.com/__cypress/runner/cypress_runner.js:13196:23)\n    at https://qainfotech.com/__cypress/runner/cypress_runner.js:8318:41\n    at tryCatcher (https://qainfotech.com/__cypress/runner/cypress_runner.js:13196:23)\n    at Promise._settlePromiseFromHandler (https://qainfotech.com/__cypress/runner/cypress_runner.js:11131:31)\n    at Promise._settlePromise (https://qainfotech.com/__cypress/runner/cypress_runner.js:11188:18)\n    at Promise._settlePromise0 (https://qainfotech.com/__cypress/runner/cypress_runner.js:11233:10)\n    at Promise._settlePromises (https://qainfotech.com/__cypress/runner/cypress_runner.js:11309:18)\n    at _drainQueueStep (https://qainfotech.com/__cypress/runner/cypress_runner.js:7903:12)\n    at _drainQueue (https://qainfotech.com/__cypress/runner/cypress_runner.js:7896:9)\n    at Async.../../node_modules/bluebird/js/release/async.js.Async._drainQueues (https://qainfotech.com/__cypress/runner/cypress_runner.js:7912:5)\n    at Async.drainQueues (https://qainfotech.com/__cypress/runner/cypress_runner.js:7782:14)\nFrom Your Spec Code:\n    at homePage.visit (https://qainfotech.com/__cypress/tests?p=cypress\\integration\\testcases\\testcase_01.spec.js:139:8)\n    at Context.eval (https://qainfotech.com/__cypress/tests?p=cypress\\integration\\testcases\\testcase_01.spec.js:227:8)",
                "diff": null
              },
              "uuid": "71bcc74c-5a45-4b60-8146-89c124927794",
              "parentUUID": "727ec0fd-59d9-489c-bc02-b5cefe867fb9",
              "isHook": false,
              "skipped": false
            }
          ],
          "suites": [],
          "passes": [],
          "failures": [
            "71bcc74c-5a45-4b60-8146-89c124927794"
          ],
          "pending": [],
          "skipped": [],
          "duration": 60412,
          "root": false,
          "rootEmpty": false,
          "_timeout": 2000
        }
      ],
      "passes": [],
      "failures": [],
      "pending": [],
      "skipped": [],
      "duration": 0,
      "root": true,
      "rootEmpty": true,
      "_timeout": 2000
    }
  ],
  "meta": {
    "mocha": {
      "version": "7.0.1"
    },
    "mochawesome": {
      "options": {
        "quiet": false,
        "reportFilename": "mochawesome",
        "saveHtml": true,
        "saveJson": true,
        "consoleReporter": "spec",
        "useInlineDiffs": false,
        "code": true
      },
      "version": "7.0.1"
    },
    "marge": {
      "options": {
        "reportDir": "cypress/reports",
        "reportFileName": "testResult",
        "overwrite": "false",
        "html": "true",
        "json": "true",
        "charts": "true"
      },
      "version": "6.0.1"
    }
  }
}