{
  "stats": {
    "suites": 1,
    "tests": 3,
    "passes": 3,
    "pending": 2,
    "failures": -2,
    "start": "2022-02-23T13:17:19.730Z",
    "end": "2022-02-23T13:17:32.688Z",
    "duration": 12958,
    "testsRegistered": 5,
    "passPercent": 100,
    "pendingPercent": 40,
    "other": 2,
    "hasOther": true,
    "skipped": 0,
    "hasSkipped": false
  },
  "results": [
    {
      "uuid": "1581d6db-46f9-41d8-adf7-7892636edcbf",
      "title": "",
      "fullFile": "cypress/integration/testcases/testcase_01.spec.js",
      "file": "cypress/integration/testcases/testcase_01.spec.js",
      "beforeHooks": [],
      "afterHooks": [],
      "tests": [],
      "suites": [
        {
          "uuid": "23173692-69aa-4e19-b4df-3aabd8694d4c",
          "title": "Check the Page Navigation",
          "fullFile": "",
          "file": "",
          "beforeHooks": [],
          "afterHooks": [],
          "tests": [
            {
              "title": "Handling home",
              "fullTitle": "Check the Page Navigation Handling home",
              "timedOut": null,
              "duration": 0,
              "state": "pending",
              "speed": null,
              "pass": false,
              "fail": false,
              "pending": true,
              "context": null,
              "code": "",
              "err": {},
              "uuid": "74b64745-0c7f-49a1-8215-ea76e86a9b33",
              "parentUUID": "23173692-69aa-4e19-b4df-3aabd8694d4c",
              "isHook": false,
              "skipped": false
            },
            {
              "title": "Handling new Browser Window",
              "fullTitle": "Check the Page Navigation Handling new Browser Window",
              "timedOut": null,
              "duration": 0,
              "state": "pending",
              "speed": null,
              "pass": false,
              "fail": false,
              "pending": true,
              "context": null,
              "code": "",
              "err": {},
              "uuid": "eb8b0fda-d77a-4caf-a75f-69b7bfbbdbde",
              "parentUUID": "23173692-69aa-4e19-b4df-3aabd8694d4c",
              "isHook": false,
              "skipped": false
            },
            {
              "title": "Verify Page title",
              "fullTitle": "Check the Page Navigation Verify Page title",
              "timedOut": null,
              "duration": 208,
              "state": "passed",
              "speed": "fast",
              "pass": true,
              "fail": false,
              "pending": false,
              "context": null,
              "code": "hp.getPageTitle().should('contains', 'Qualitest');",
              "err": {},
              "uuid": "e954fad4-c32c-471c-a049-b440ffcbe020",
              "parentUUID": "23173692-69aa-4e19-b4df-3aabd8694d4c",
              "isHook": false,
              "skipped": false
            },
            {
              "title": "visits to  the \"Solution\" page",
              "fullTitle": "Check the Page Navigation visits to  the \"Solution\" page",
              "timedOut": null,
              "duration": 1314,
              "state": "passed",
              "speed": "fast",
              "pass": true,
              "fail": false,
              "pending": false,
              "context": null,
              "code": "hp.navigateToSolutionsPage();",
              "err": {},
              "uuid": "a9ade349-58b7-4b2c-b5d4-0865d5bb8e89",
              "parentUUID": "23173692-69aa-4e19-b4df-3aabd8694d4c",
              "isHook": false,
              "skipped": false
            },
            {
              "title": "checks if \"About QA InfoTech\" is present on that page",
              "fullTitle": "Check the Page Navigation checks if \"About QA InfoTech\" is present on that page",
              "timedOut": null,
              "duration": 195,
              "state": "passed",
              "speed": "fast",
              "pass": true,
              "fail": false,
              "pending": false,
              "context": null,
              "code": "hp.checkContent().contains('Our Solutions');",
              "err": {},
              "uuid": "f1d75447-bccb-46a1-86cf-acfdac83f4f8",
              "parentUUID": "23173692-69aa-4e19-b4df-3aabd8694d4c",
              "isHook": false,
              "skipped": false
            }
          ],
          "suites": [],
          "passes": [
            "e954fad4-c32c-471c-a049-b440ffcbe020",
            "a9ade349-58b7-4b2c-b5d4-0865d5bb8e89",
            "f1d75447-bccb-46a1-86cf-acfdac83f4f8"
          ],
          "failures": [],
          "pending": [
            "74b64745-0c7f-49a1-8215-ea76e86a9b33",
            "eb8b0fda-d77a-4caf-a75f-69b7bfbbdbde"
          ],
          "skipped": [],
          "duration": 1717,
          "root": false,
          "rootEmpty": false,
          "_timeout": 2000
        }
      ],
      "passes": [],
      "failures": [],
      "pending": [],
      "skipped": [],
      "duration": 0,
      "root": true,
      "rootEmpty": true,
      "_timeout": 2000
    }
  ],
  "meta": {
    "mocha": {
      "version": "7.0.1"
    },
    "mochawesome": {
      "options": {
        "quiet": false,
        "reportFilename": "mochawesome",
        "saveHtml": false,
        "saveJson": true,
        "consoleReporter": "spec",
        "useInlineDiffs": false,
        "code": true
      },
      "version": "7.0.1"
    },
    "marge": {
      "options": {
        "reportDir": "cypress/reports",
        "overwrite": false,
        "html": false,
        "json": true,
        "charts": "true"
      },
      "version": "6.0.1"
    }
  }
}