{
  "stats": {
    "suites": 1,
    "tests": 1,
    "passes": 0,
    "pending": 3,
    "failures": -2,
    "start": "2022-01-20T11:40:08.336Z",
    "end": "2022-01-20T11:40:20.179Z",
    "duration": 11843,
    "testsRegistered": 3,
    "passPercent": null,
    "pendingPercent": 100,
    "other": 2,
    "hasOther": true,
    "skipped": 0,
    "hasSkipped": false
  },
  "results": [
    {
      "uuid": "a3c15450-35d4-4562-acb9-f87fc91babb2",
      "title": "",
      "fullFile": "cypress/integration/testcases/testcase_01.spec.js",
      "file": "cypress/integration/testcases/testcase_01.spec.js",
      "beforeHooks": [],
      "afterHooks": [],
      "tests": [],
      "suites": [
        {
          "uuid": "a6768eac-7eda-4f20-b9cf-3a9212156e84",
          "title": "Check the Page Navigation",
          "fullFile": "",
          "file": "",
          "beforeHooks": [],
          "afterHooks": [],
          "tests": [
            {
              "title": "Verify Page title",
              "fullTitle": "Check the Page Navigation Verify Page title",
              "timedOut": null,
              "duration": 0,
              "state": "pending",
              "speed": null,
              "pass": false,
              "fail": false,
              "pending": true,
              "context": null,
              "code": "",
              "err": {},
              "uuid": "6e9a6321-531c-4fe3-aae9-0dd11f703af2",
              "parentUUID": "a6768eac-7eda-4f20-b9cf-3a9212156e84",
              "isHook": false,
              "skipped": false
            },
            {
              "title": "visits to  the \"ABOUT\" page",
              "fullTitle": "Check the Page Navigation visits to  the \"ABOUT\" page",
              "timedOut": null,
              "duration": 0,
              "state": "pending",
              "speed": null,
              "pass": false,
              "fail": false,
              "pending": true,
              "context": null,
              "code": "",
              "err": {},
              "uuid": "0a73120d-b56c-4c88-8cdb-f119fc301011",
              "parentUUID": "a6768eac-7eda-4f20-b9cf-3a9212156e84",
              "isHook": false,
              "skipped": false
            },
            {
              "title": "checks if \"About QA InfoTech\" is present on that page",
              "fullTitle": "Check the Page Navigation checks if \"About QA InfoTech\" is present on that page",
              "timedOut": null,
              "duration": 0,
              "state": "pending",
              "speed": null,
              "pass": false,
              "fail": false,
              "pending": true,
              "context": null,
              "code": "",
              "err": {},
              "uuid": "63e486cb-4982-4a58-9607-4e0a9fa43cad",
              "parentUUID": "a6768eac-7eda-4f20-b9cf-3a9212156e84",
              "isHook": false,
              "skipped": false
            }
          ],
          "suites": [],
          "passes": [],
          "failures": [],
          "pending": [
            "6e9a6321-531c-4fe3-aae9-0dd11f703af2",
            "0a73120d-b56c-4c88-8cdb-f119fc301011",
            "63e486cb-4982-4a58-9607-4e0a9fa43cad"
          ],
          "skipped": [],
          "duration": 0,
          "root": false,
          "rootEmpty": false,
          "_timeout": 2000
        }
      ],
      "passes": [],
      "failures": [],
      "pending": [],
      "skipped": [],
      "duration": 0,
      "root": true,
      "rootEmpty": true,
      "_timeout": 2000
    }
  ],
  "meta": {
    "mocha": {
      "version": "7.0.1"
    },
    "mochawesome": {
      "options": {
        "quiet": false,
        "reportFilename": "mochawesome",
        "saveHtml": false,
        "saveJson": true,
        "consoleReporter": "spec",
        "useInlineDiffs": false,
        "code": true
      },
      "version": "7.0.1"
    },
    "marge": {
      "options": {
        "reportDir": "cypress/reports",
        "overwrite": false,
        "html": false,
        "json": true,
        "charts": "true"
      },
      "version": "6.0.1"
    }
  }
}